[0.022s] Invoking command in '/home/kaveesh/turtlebot3_ws/build/turtlebot3_gazebo': CMAKE_PREFIX_PATH=${CMAKE_PREFIX_PATH}:/home/kaveesh/turtlebot3_ws/install/turtlebot3_teleop:/home/kaveesh/turtlebot3_ws/install/turtlebot3_example:/opt/ros/humble /usr/bin/cmake /home/kaveesh/turtlebot3_ws/src/turtlebot3_simulations/turtlebot3_gazebo -DAMENT_CMAKE_SYMLINK_INSTALL=1 -DCMAKE_INSTALL_PREFIX=/home/kaveesh/turtlebot3_ws/install/turtlebot3_gazebo
[0.259s] -- The C compiler identification is GNU 11.4.0
[0.259s] -- The CXX compiler identification is GNU 11.4.0
[0.259s] -- Detecting C compiler ABI info
[0.259s] -- Detecting C compiler ABI info - done
[0.259s] -- Check for working C compiler: /usr/bin/cc - skipped
[0.259s] -- Detecting C compile features
[0.259s] -- Detecting C compile features - done
[0.259s] -- Detecting CXX compiler ABI info
[0.259s] -- Detecting CXX compiler ABI info - done
[0.259s] -- Check for working CXX compiler: /usr/bin/c++ - skipped
[0.259s] -- Detecting CXX compile features
[0.259s] -- Detecting CXX compile features - done
[0.259s] -- Found ament_cmake: 1.3.12 (/opt/ros/humble/share/ament_cmake/cmake)
[0.374s] -- Found Python3: /usr/bin/python3 (found version "3.10.12") found components: Interpreter 
[0.423s] -- Override CMake install command with custom implementation using symlinks instead of copying resources
[0.451s] [33mCMake Warning (dev) at /usr/share/cmake-3.22/Modules/FindPackageHandleStandardArgs.cmake:438 (message):
[0.451s]   The package name passed to `find_package_handle_standard_args` (PkgConfig)
[0.451s]   does not match the name of the calling package (gazebo).  This can lead to
[0.451s]   problems in calling code that expects `find_package` result variables
[0.451s]   (e.g., `_FOUND`) to follow a certain pattern.
[0.451s] Call Stack (most recent call first):
[0.451s]   /usr/share/cmake-3.22/Modules/FindPkgConfig.cmake:99 (find_package_handle_standard_args)
[0.451s]   /usr/lib/x86_64-linux-gnu/cmake/gazebo/gazebo-config.cmake:72 (include)
[0.451s]   CMakeLists.txt:23 (find_package)
[0.451s] This warning is for project developers.  Use -Wno-dev to suppress it.
[0.451s] [0m
[0.451s] -- Found PkgConfig: /usr/bin/pkg-config (found version "0.29.2") 
[0.454s] -- Checking for module 'bullet>=2.82'
[0.460s] --   Found bullet, version 3.05
[0.515s] -- Found fcl: /usr/include (found suitable version "0.7.0", minimum required is "0.5.0") 
[0.539s] -- Found assimp: /usr/include (found version "5.2.0") 
[0.554s] -- Found DART: /usr/include (Required is at least version "6.6") found components: dart 
[0.682s] -- Found Boost: /usr/lib/x86_64-linux-gnu/cmake/Boost-1.74.0/BoostConfig.cmake (found suitable version "1.74.0", minimum required is "1.40.0") found components: thread system filesystem program_options regex iostreams date_time 
[0.698s] -- Found Protobuf: /usr/lib/x86_64-linux-gnu/libprotobuf.so (found version "3.12.4") 
[0.706s] -- Looking for ignition-math6 -- found version 6.15.1
[0.713s] -- Searching for dependencies of ignition-math6
[0.713s] -- Looking for OGRE...
[0.714s] -- OGRE_PREFIX_WATCH changed.
[0.718s] -- Checking for module 'OGRE'
[0.729s] --   Found OGRE, version 1.9.0
[0.753s] -- Found Ogre Ghadamon (1.9.0)
[0.766s] -- Found OGRE: optimized;/usr/lib/x86_64-linux-gnu/libOgreMain.so;debug;/usr/lib/x86_64-linux-gnu/libOgreMain.so
[0.774s] -- Looking for OGRE_Paging...
[0.780s] -- Found OGRE_Paging: optimized;/usr/lib/x86_64-linux-gnu/libOgrePaging.so;debug;/usr/lib/x86_64-linux-gnu/libOgrePaging.so
[0.780s] -- Looking for OGRE_Terrain...
[0.785s] -- Found OGRE_Terrain: optimized;/usr/lib/x86_64-linux-gnu/libOgreTerrain.so;debug;/usr/lib/x86_64-linux-gnu/libOgreTerrain.so
[0.785s] -- Looking for OGRE_Property...
[0.790s] -- Found OGRE_Property: optimized;/usr/lib/x86_64-linux-gnu/libOgreProperty.so;debug;/usr/lib/x86_64-linux-gnu/libOgreProperty.so
[0.790s] -- Looking for OGRE_RTShaderSystem...
[0.795s] -- Found OGRE_RTShaderSystem: optimized;/usr/lib/x86_64-linux-gnu/libOgreRTShaderSystem.so;debug;/usr/lib/x86_64-linux-gnu/libOgreRTShaderSystem.so
[0.795s] -- Looking for OGRE_Volume...
[0.800s] -- Found OGRE_Volume: optimized;/usr/lib/x86_64-linux-gnu/libOgreVolume.so;debug;/usr/lib/x86_64-linux-gnu/libOgreVolume.so
[0.800s] -- Looking for OGRE_Overlay...
[0.804s] -- Found OGRE_Overlay: optimized;/usr/lib/x86_64-linux-gnu/libOgreOverlay.so;debug;/usr/lib/x86_64-linux-gnu/libOgreOverlay.so
[0.901s] -- Looking for ignition-math6 -- found version 6.15.1
[0.902s] -- Looking for ignition-transport8 -- found version 8.2.1
[0.903s] -- Searching for dependencies of ignition-transport8
[0.915s] -- Found Protobuf: /usr/lib/x86_64-linux-gnu/libprotobuf.so (found suitable version "3.12.4", minimum required is "3") 
[0.924s] -- Config-file not installed for ZeroMQ -- checking for pkg-config
[0.927s] -- Checking for module 'libzmq >= 4'
[0.935s] --   Found libzmq , version 4.3.4
[0.956s] -- Found ZeroMQ: TRUE (Required is at least version "4") 
[0.960s] -- Checking for module 'uuid'
[0.967s] --   Found uuid, version 2.37.2
[0.983s] -- Found UUID: TRUE  
[0.985s] -- Looking for ignition-msgs5 -- found version 5.8.1
[0.985s] -- Searching for dependencies of ignition-msgs5
[0.998s] -- Looking for ignition-math6 -- found version 6.15.1
[1.001s] -- Checking for module 'tinyxml2'
[1.009s] --   Found tinyxml2, version 9.0.0
[1.027s] -- Looking for ignition-msgs5 -- found version 5.8.1
[1.030s] -- Looking for ignition-common3 -- found version 3.14.0
[1.030s] -- Searching for dependencies of ignition-common3
[1.030s] -- Looking for dlfcn.h - found
[1.031s] -- Looking for libdl - found
[1.032s] -- Found DL: TRUE  
[1.040s] -- Found tinyobjloader: /usr/lib/x86_64-linux-gnu/cmake/tinyobjloader/tinyobjloader-config.cmake (found version "2.0.0") 
[1.040s] -- Searching for <ignition-common3> component [graphics]
[1.042s] -- Looking for ignition-common3-graphics -- found version 3.14.0
[1.042s] -- Searching for dependencies of ignition-common3-graphics
[1.043s] -- Looking for ignition-math6 -- found version 6.15.1
[1.045s] -- Looking for ignition-fuel_tools4 -- found version 4.4.0
[1.045s] -- Searching for dependencies of ignition-fuel_tools4
[1.090s] -- Found CURL: /usr/lib/x86_64-linux-gnu/libcurl.so (found version "7.81.0")  
[1.096s] -- Checking for module 'jsoncpp'
[1.104s] --   Found jsoncpp, version 1.9.5
[1.123s] -- Found JSONCPP: TRUE  
[1.127s] -- Checking for module 'libzip'
[1.135s] --   Found libzip, version 1.7.3
[1.154s] -- Found ZIP: TRUE  
[1.154s] -- Looking for ignition-common3 -- found version 3.14.0
[1.154s] -- Looking for ignition-math6 -- found version 6.15.1
[1.154s] -- Looking for ignition-msgs5 -- found version 5.8.1
[1.159s] -- Found gazebo_ros_pkgs: 3.9.0 (/opt/ros/humble/share/gazebo_ros_pkgs/cmake)
[1.161s] -- Found geometry_msgs: 4.9.0 (/opt/ros/humble/share/geometry_msgs/cmake)
[1.190s] -- Found rosidl_generator_c: 3.1.7 (/opt/ros/humble/share/rosidl_generator_c/cmake)
[1.194s] -- Found rosidl_adapter: 3.1.7 (/opt/ros/humble/share/rosidl_adapter/cmake)
[1.201s] -- Found rosidl_generator_cpp: 3.1.7 (/opt/ros/humble/share/rosidl_generator_cpp/cmake)
[1.210s] -- Using all available rosidl_typesupport_c: rosidl_typesupport_fastrtps_c;rosidl_typesupport_introspection_c
[1.222s] -- Using all available rosidl_typesupport_cpp: rosidl_typesupport_fastrtps_cpp;rosidl_typesupport_introspection_cpp
[1.249s] -- Found nav_msgs: 4.9.0 (/opt/ros/humble/share/nav_msgs/cmake)
[1.261s] -- Found rclcpp: 16.0.15 (/opt/ros/humble/share/rclcpp/cmake)
[1.289s] -- Found rmw_implementation_cmake: 6.1.2 (/opt/ros/humble/share/rmw_implementation_cmake/cmake)
[1.292s] -- Found rmw_fastrtps_cpp: 6.2.9 (/opt/ros/humble/share/rmw_fastrtps_cpp/cmake)
[1.346s] -- Found OpenSSL: /usr/lib/x86_64-linux-gnu/libcrypto.so (found version "3.0.2")  
[1.364s] -- Found FastRTPS: /opt/ros/humble/include  
[1.393s] -- Using RMW implementation 'rmw_fastrtps_cpp' as default
[1.400s] -- Found Threads: TRUE  
[1.427s] -- Found sensor_msgs: 4.9.0 (/opt/ros/humble/share/sensor_msgs/cmake)
[1.441s] -- Found tf2: 0.25.16 (/opt/ros/humble/share/tf2/cmake)
[1.495s] -- Configuring done
[1.519s] -- Generating done
[1.524s] -- Build files have been written to: /home/kaveesh/turtlebot3_ws/build/turtlebot3_gazebo
[1.534s] Invoked command in '/home/kaveesh/turtlebot3_ws/build/turtlebot3_gazebo' returned '0': CMAKE_PREFIX_PATH=${CMAKE_PREFIX_PATH}:/home/kaveesh/turtlebot3_ws/install/turtlebot3_teleop:/home/kaveesh/turtlebot3_ws/install/turtlebot3_example:/opt/ros/humble /usr/bin/cmake /home/kaveesh/turtlebot3_ws/src/turtlebot3_simulations/turtlebot3_gazebo -DAMENT_CMAKE_SYMLINK_INSTALL=1 -DCMAKE_INSTALL_PREFIX=/home/kaveesh/turtlebot3_ws/install/turtlebot3_gazebo
[1.534s] Invoking command in '/home/kaveesh/turtlebot3_ws/build/turtlebot3_gazebo': CMAKE_PREFIX_PATH=${CMAKE_PREFIX_PATH}:/home/kaveesh/turtlebot3_ws/install/turtlebot3_teleop:/home/kaveesh/turtlebot3_ws/install/turtlebot3_example:/opt/ros/humble /usr/bin/cmake --build /home/kaveesh/turtlebot3_ws/build/turtlebot3_gazebo -- -j24 -l24
[1.566s] [ 16%] [32mBuilding CXX object CMakeFiles/turtlebot3_drive.dir/src/turtlebot3_drive.cpp.o[0m
[1.566s] [ 33%] [32mBuilding CXX object CMakeFiles/obstacle1.dir/src/obstacle1.cpp.o[0m
[1.566s] [ 33%] [32mBuilding CXX object CMakeFiles/traffic_bar_plugin.dir/src/traffic_bar_plugin.cpp.o[0m
[1.566s] [ 33%] [32mBuilding CXX object CMakeFiles/traffic_light_plugin.dir/src/traffic_light_plugin.cpp.o[0m
[1.566s] [ 41%] [32mBuilding CXX object CMakeFiles/obstacle2.dir/src/obstacle2.cpp.o[0m
[1.566s] [ 50%] [32mBuilding CXX object CMakeFiles/obstacles.dir/src/obstacles.cpp.o[0m
[9.397s] [ 58%] [32m[1mLinking CXX executable turtlebot3_drive[0m
[9.566s] [ 66%] [32m[1mLinking CXX shared library libobstacles.so[0m
[9.607s] [ 75%] [32m[1mLinking CXX shared library libobstacle1.so[0m
[9.651s] [ 83%] [32m[1mLinking CXX shared library libtraffic_bar_plugin.so[0m
[9.655s] [ 91%] [32m[1mLinking CXX shared library libobstacle2.so[0m
[9.728s] [ 91%] Built target obstacles
[9.775s] [ 91%] Built target obstacle1
[9.804s] [ 91%] Built target turtlebot3_drive
[9.815s] [ 91%] Built target obstacle2
[9.815s] [ 91%] Built target traffic_bar_plugin
[10.237s] [100%] [32m[1mLinking CXX shared library libtraffic_light_plugin.so[0m
[10.404s] [100%] Built target traffic_light_plugin
[10.414s] Invoked command in '/home/kaveesh/turtlebot3_ws/build/turtlebot3_gazebo' returned '0': CMAKE_PREFIX_PATH=${CMAKE_PREFIX_PATH}:/home/kaveesh/turtlebot3_ws/install/turtlebot3_teleop:/home/kaveesh/turtlebot3_ws/install/turtlebot3_example:/opt/ros/humble /usr/bin/cmake --build /home/kaveesh/turtlebot3_ws/build/turtlebot3_gazebo -- -j24 -l24
[10.415s] Invoking command in '/home/kaveesh/turtlebot3_ws/build/turtlebot3_gazebo': CMAKE_PREFIX_PATH=${CMAKE_PREFIX_PATH}:/home/kaveesh/turtlebot3_ws/install/turtlebot3_teleop:/home/kaveesh/turtlebot3_ws/install/turtlebot3_example:/opt/ros/humble /usr/bin/cmake --install /home/kaveesh/turtlebot3_ws/build/turtlebot3_gazebo
[10.419s] -- Install configuration: ""
[10.419s] -- Execute custom install script
[10.419s] -- Symlinking: /home/kaveesh/turtlebot3_ws/install/turtlebot3_gazebo/lib/turtlebot3_gazebo/turtlebot3_drive
[10.424s] -- Symlinking: /home/kaveesh/turtlebot3_ws/install/turtlebot3_gazebo/share/turtlebot3_gazebo//launch/empty_world.launch.py
[10.430s] -- Symlinking: /home/kaveesh/turtlebot3_ws/install/turtlebot3_gazebo/share/turtlebot3_gazebo//launch/multi_robot.launch.py
[10.437s] -- Symlinking: /home/kaveesh/turtlebot3_ws/install/turtlebot3_gazebo/share/turtlebot3_gazebo//launch/multi_spawn_turtlebot3.launch.py
[10.443s] -- Symlinking: /home/kaveesh/turtlebot3_ws/install/turtlebot3_gazebo/share/turtlebot3_gazebo//launch/robot_state_publisher.launch.py
[10.447s] -- Symlinking: /home/kaveesh/turtlebot3_ws/install/turtlebot3_gazebo/share/turtlebot3_gazebo//launch/spawn_turtlebot3.launch.py
[10.451s] -- Symlinking: /home/kaveesh/turtlebot3_ws/install/turtlebot3_gazebo/share/turtlebot3_gazebo//launch/turtlebot3_autorace_2020.launch.py
[10.456s] -- Symlinking: /home/kaveesh/turtlebot3_ws/install/turtlebot3_gazebo/share/turtlebot3_gazebo//launch/turtlebot3_dqn_stage1.launch.py
[10.460s] -- Symlinking: /home/kaveesh/turtlebot3_ws/install/turtlebot3_gazebo/share/turtlebot3_gazebo//launch/turtlebot3_dqn_stage2.launch.py
[10.465s] -- Symlinking: /home/kaveesh/turtlebot3_ws/install/turtlebot3_gazebo/share/turtlebot3_gazebo//launch/turtlebot3_dqn_stage3.launch.py
[10.469s] -- Symlinking: /home/kaveesh/turtlebot3_ws/install/turtlebot3_gazebo/share/turtlebot3_gazebo//launch/turtlebot3_dqn_stage4.launch.py
[10.474s] -- Symlinking: /home/kaveesh/turtlebot3_ws/install/turtlebot3_gazebo/share/turtlebot3_gazebo//launch/turtlebot3_house.launch.py
[10.478s] -- Symlinking: /home/kaveesh/turtlebot3_ws/install/turtlebot3_gazebo/share/turtlebot3_gazebo//launch/turtlebot3_world.launch.py
[10.484s] -- Symlinking: /home/kaveesh/turtlebot3_ws/install/turtlebot3_gazebo/share/turtlebot3_gazebo//models/turtlebot3_autorace_2020/checker/materials/checker.png
[10.490s] -- Symlinking: /home/kaveesh/turtlebot3_ws/install/turtlebot3_gazebo/share/turtlebot3_gazebo//models/turtlebot3_autorace_2020/checker/materials/scripts/checker.material
[10.495s] -- Symlinking: /home/kaveesh/turtlebot3_ws/install/turtlebot3_gazebo/share/turtlebot3_gazebo//models/turtlebot3_autorace_2020/checker/materials/textures/checker.png
[10.499s] -- Symlinking: /home/kaveesh/turtlebot3_ws/install/turtlebot3_gazebo/share/turtlebot3_gazebo//models/turtlebot3_autorace_2020/checker/model.config
[10.503s] -- Symlinking: /home/kaveesh/turtlebot3_ws/install/turtlebot3_gazebo/share/turtlebot3_gazebo//models/turtlebot3_autorace_2020/checker/model.sdf
[10.508s] -- Symlinking: /home/kaveesh/turtlebot3_ws/install/turtlebot3_gazebo/share/turtlebot3_gazebo//models/turtlebot3_autorace_2020/course/materials/scripts/course.material
[10.513s] -- Symlinking: /home/kaveesh/turtlebot3_ws/install/turtlebot3_gazebo/share/turtlebot3_gazebo//models/turtlebot3_autorace_2020/course/materials/textures/course.png
[10.517s] -- Symlinking: /home/kaveesh/turtlebot3_ws/install/turtlebot3_gazebo/share/turtlebot3_gazebo//models/turtlebot3_autorace_2020/course/model.config
[10.522s] -- Symlinking: /home/kaveesh/turtlebot3_ws/install/turtlebot3_gazebo/share/turtlebot3_gazebo//models/turtlebot3_autorace_2020/course/model.sdf
[10.526s] -- Symlinking: /home/kaveesh/turtlebot3_ws/install/turtlebot3_gazebo/share/turtlebot3_gazebo//models/turtlebot3_autorace_2020/traffic_bar/materials/scripts/traffic_bar.material
[10.530s] -- Symlinking: /home/kaveesh/turtlebot3_ws/install/turtlebot3_gazebo/share/turtlebot3_gazebo//models/turtlebot3_autorace_2020/traffic_bar/materials/textures/traffic_bar.png
[10.535s] -- Symlinking: /home/kaveesh/turtlebot3_ws/install/turtlebot3_gazebo/share/turtlebot3_gazebo//models/turtlebot3_autorace_2020/traffic_bar/model.config
[10.539s] -- Symlinking: /home/kaveesh/turtlebot3_ws/install/turtlebot3_gazebo/share/turtlebot3_gazebo//models/turtlebot3_autorace_2020/traffic_bar/model.sdf
[10.546s] -- Symlinking: /home/kaveesh/turtlebot3_ws/install/turtlebot3_gazebo/share/turtlebot3_gazebo//models/turtlebot3_autorace_2020/traffic_construction/materials/scripts/traffic_construction.material
[10.553s] -- Symlinking: /home/kaveesh/turtlebot3_ws/install/turtlebot3_gazebo/share/turtlebot3_gazebo//models/turtlebot3_autorace_2020/traffic_construction/materials/textures/traffic_construction.png
[10.560s] -- Symlinking: /home/kaveesh/turtlebot3_ws/install/turtlebot3_gazebo/share/turtlebot3_gazebo//models/turtlebot3_autorace_2020/traffic_construction/model.config
[10.565s] -- Symlinking: /home/kaveesh/turtlebot3_ws/install/turtlebot3_gazebo/share/turtlebot3_gazebo//models/turtlebot3_autorace_2020/traffic_construction/model.sdf
[10.570s] -- Symlinking: /home/kaveesh/turtlebot3_ws/install/turtlebot3_gazebo/share/turtlebot3_gazebo//models/turtlebot3_autorace_2020/traffic_intersection/materials/scripts/traffic_intersection.material
[10.574s] -- Symlinking: /home/kaveesh/turtlebot3_ws/install/turtlebot3_gazebo/share/turtlebot3_gazebo//models/turtlebot3_autorace_2020/traffic_intersection/materials/textures/traffic_intersection.png
[10.580s] -- Symlinking: /home/kaveesh/turtlebot3_ws/install/turtlebot3_gazebo/share/turtlebot3_gazebo//models/turtlebot3_autorace_2020/traffic_intersection/model.config
[10.588s] -- Symlinking: /home/kaveesh/turtlebot3_ws/install/turtlebot3_gazebo/share/turtlebot3_gazebo//models/turtlebot3_autorace_2020/traffic_intersection/model.sdf
[10.595s] -- Symlinking: /home/kaveesh/turtlebot3_ws/install/turtlebot3_gazebo/share/turtlebot3_gazebo//models/turtlebot3_autorace_2020/traffic_left/materials/scripts/traffic_is_left.material
[10.599s] -- Symlinking: /home/kaveesh/turtlebot3_ws/install/turtlebot3_gazebo/share/turtlebot3_gazebo//models/turtlebot3_autorace_2020/traffic_left/materials/textures/traffic_left.png
[10.603s] -- Symlinking: /home/kaveesh/turtlebot3_ws/install/turtlebot3_gazebo/share/turtlebot3_gazebo//models/turtlebot3_autorace_2020/traffic_left/model.config
[10.608s] -- Symlinking: /home/kaveesh/turtlebot3_ws/install/turtlebot3_gazebo/share/turtlebot3_gazebo//models/turtlebot3_autorace_2020/traffic_left/model.sdf
[10.613s] -- Symlinking: /home/kaveesh/turtlebot3_ws/install/turtlebot3_gazebo/share/turtlebot3_gazebo//models/turtlebot3_autorace_2020/traffic_light/materials/scripts/traffic_light.material
[10.619s] -- Symlinking: /home/kaveesh/turtlebot3_ws/install/turtlebot3_gazebo/share/turtlebot3_gazebo//models/turtlebot3_autorace_2020/traffic_light/materials/textures/traffic_light.png
[10.627s] -- Symlinking: /home/kaveesh/turtlebot3_ws/install/turtlebot3_gazebo/share/turtlebot3_gazebo//models/turtlebot3_autorace_2020/traffic_light/materials/textures/traffic_light_green.png
[10.635s] -- Symlinking: /home/kaveesh/turtlebot3_ws/install/turtlebot3_gazebo/share/turtlebot3_gazebo//models/turtlebot3_autorace_2020/traffic_light/materials/textures/traffic_light_red.png
[10.640s] -- Symlinking: /home/kaveesh/turtlebot3_ws/install/turtlebot3_gazebo/share/turtlebot3_gazebo//models/turtlebot3_autorace_2020/traffic_light/materials/textures/traffic_light_yellow.png
[10.644s] -- Symlinking: /home/kaveesh/turtlebot3_ws/install/turtlebot3_gazebo/share/turtlebot3_gazebo//models/turtlebot3_autorace_2020/traffic_light/model.config
[10.648s] -- Symlinking: /home/kaveesh/turtlebot3_ws/install/turtlebot3_gazebo/share/turtlebot3_gazebo//models/turtlebot3_autorace_2020/traffic_light/model.sdf
[10.653s] -- Symlinking: /home/kaveesh/turtlebot3_ws/install/turtlebot3_gazebo/share/turtlebot3_gazebo//models/turtlebot3_autorace_2020/traffic_noentry/materials/scripts/traffic_noentry.material
[10.657s] -- Symlinking: /home/kaveesh/turtlebot3_ws/install/turtlebot3_gazebo/share/turtlebot3_gazebo//models/turtlebot3_autorace_2020/traffic_noentry/materials/textures/traffic_noentry.png
[10.661s] -- Symlinking: /home/kaveesh/turtlebot3_ws/install/turtlebot3_gazebo/share/turtlebot3_gazebo//models/turtlebot3_autorace_2020/traffic_noentry/model.config
[10.666s] -- Symlinking: /home/kaveesh/turtlebot3_ws/install/turtlebot3_gazebo/share/turtlebot3_gazebo//models/turtlebot3_autorace_2020/traffic_noentry/model.sdf
[10.670s] -- Symlinking: /home/kaveesh/turtlebot3_ws/install/turtlebot3_gazebo/share/turtlebot3_gazebo//models/turtlebot3_autorace_2020/traffic_parking/materials/scripts/traffic_parking.material
[10.675s] -- Symlinking: /home/kaveesh/turtlebot3_ws/install/turtlebot3_gazebo/share/turtlebot3_gazebo//models/turtlebot3_autorace_2020/traffic_parking/materials/textures/traffic_parking.png
[10.679s] -- Symlinking: /home/kaveesh/turtlebot3_ws/install/turtlebot3_gazebo/share/turtlebot3_gazebo//models/turtlebot3_autorace_2020/traffic_parking/model.config
[10.684s] -- Symlinking: /home/kaveesh/turtlebot3_ws/install/turtlebot3_gazebo/share/turtlebot3_gazebo//models/turtlebot3_autorace_2020/traffic_parking/model.sdf
[10.690s] -- Symlinking: /home/kaveesh/turtlebot3_ws/install/turtlebot3_gazebo/share/turtlebot3_gazebo//models/turtlebot3_autorace_2020/traffic_pl_left/materials/scripts/traffic_pl_left.material
[10.695s] -- Symlinking: /home/kaveesh/turtlebot3_ws/install/turtlebot3_gazebo/share/turtlebot3_gazebo//models/turtlebot3_autorace_2020/traffic_pl_left/materials/textures/traffic_pl_left.png
[10.699s] -- Symlinking: /home/kaveesh/turtlebot3_ws/install/turtlebot3_gazebo/share/turtlebot3_gazebo//models/turtlebot3_autorace_2020/traffic_pl_left/model.config
[10.703s] -- Symlinking: /home/kaveesh/turtlebot3_ws/install/turtlebot3_gazebo/share/turtlebot3_gazebo//models/turtlebot3_autorace_2020/traffic_pl_left/model.sdf
[10.707s] -- Symlinking: /home/kaveesh/turtlebot3_ws/install/turtlebot3_gazebo/share/turtlebot3_gazebo//models/turtlebot3_autorace_2020/traffic_right/materials/scripts/traffic_right.material
[10.711s] -- Symlinking: /home/kaveesh/turtlebot3_ws/install/turtlebot3_gazebo/share/turtlebot3_gazebo//models/turtlebot3_autorace_2020/traffic_right/materials/textures/traffic_right.png
[10.716s] -- Symlinking: /home/kaveesh/turtlebot3_ws/install/turtlebot3_gazebo/share/turtlebot3_gazebo//models/turtlebot3_autorace_2020/traffic_right/model.config
[10.720s] -- Symlinking: /home/kaveesh/turtlebot3_ws/install/turtlebot3_gazebo/share/turtlebot3_gazebo//models/turtlebot3_autorace_2020/traffic_right/model.sdf
[10.724s] -- Symlinking: /home/kaveesh/turtlebot3_ws/install/turtlebot3_gazebo/share/turtlebot3_gazebo//models/turtlebot3_autorace_2020/traffic_stop/materials/scripts/traffic_stop.material
[10.728s] -- Symlinking: /home/kaveesh/turtlebot3_ws/install/turtlebot3_gazebo/share/turtlebot3_gazebo//models/turtlebot3_autorace_2020/traffic_stop/materials/textures/traffic_stop.png
[10.733s] -- Symlinking: /home/kaveesh/turtlebot3_ws/install/turtlebot3_gazebo/share/turtlebot3_gazebo//models/turtlebot3_autorace_2020/traffic_stop/model.config
[10.737s] -- Symlinking: /home/kaveesh/turtlebot3_ws/install/turtlebot3_gazebo/share/turtlebot3_gazebo//models/turtlebot3_autorace_2020/traffic_stop/model.sdf
[10.741s] -- Symlinking: /home/kaveesh/turtlebot3_ws/install/turtlebot3_gazebo/share/turtlebot3_gazebo//models/turtlebot3_autorace_2020/traffic_tunnel/materials/scripts/tunnel.material
[10.746s] -- Symlinking: /home/kaveesh/turtlebot3_ws/install/turtlebot3_gazebo/share/turtlebot3_gazebo//models/turtlebot3_autorace_2020/traffic_tunnel/materials/textures/tunnel.png
[10.750s] -- Symlinking: /home/kaveesh/turtlebot3_ws/install/turtlebot3_gazebo/share/turtlebot3_gazebo//models/turtlebot3_autorace_2020/traffic_tunnel/model.config
[10.755s] -- Symlinking: /home/kaveesh/turtlebot3_ws/install/turtlebot3_gazebo/share/turtlebot3_gazebo//models/turtlebot3_autorace_2020/traffic_tunnel/model.sdf
[10.760s] -- Symlinking: /home/kaveesh/turtlebot3_ws/install/turtlebot3_gazebo/share/turtlebot3_gazebo//models/turtlebot3_burger/model-1_4.sdf
[10.764s] -- Symlinking: /home/kaveesh/turtlebot3_ws/install/turtlebot3_gazebo/share/turtlebot3_gazebo//models/turtlebot3_burger/model.config
[10.769s] -- Symlinking: /home/kaveesh/turtlebot3_ws/install/turtlebot3_gazebo/share/turtlebot3_gazebo//models/turtlebot3_burger/model.sdf
[10.773s] -- Symlinking: /home/kaveesh/turtlebot3_ws/install/turtlebot3_gazebo/share/turtlebot3_gazebo//models/turtlebot3_burger_cam/model-1_4.sdf
[10.777s] -- Symlinking: /home/kaveesh/turtlebot3_ws/install/turtlebot3_gazebo/share/turtlebot3_gazebo//models/turtlebot3_burger_cam/model.config
[10.781s] -- Symlinking: /home/kaveesh/turtlebot3_ws/install/turtlebot3_gazebo/share/turtlebot3_gazebo//models/turtlebot3_burger_cam/model.sdf
[10.786s] -- Symlinking: /home/kaveesh/turtlebot3_ws/install/turtlebot3_gazebo/share/turtlebot3_gazebo//models/turtlebot3_common/meshes/bases/burger_base.stl
[10.790s] -- Symlinking: /home/kaveesh/turtlebot3_ws/install/turtlebot3_gazebo/share/turtlebot3_gazebo//models/turtlebot3_common/meshes/bases/waffle_base.stl
[10.795s] -- Symlinking: /home/kaveesh/turtlebot3_ws/install/turtlebot3_gazebo/share/turtlebot3_gazebo//models/turtlebot3_common/meshes/bases/waffle_pi_base.stl
[10.800s] -- Symlinking: /home/kaveesh/turtlebot3_ws/install/turtlebot3_gazebo/share/turtlebot3_gazebo//models/turtlebot3_common/meshes/burger_base.dae
[10.804s] -- Symlinking: /home/kaveesh/turtlebot3_ws/install/turtlebot3_gazebo/share/turtlebot3_gazebo//models/turtlebot3_common/meshes/lds.dae
[10.810s] -- Symlinking: /home/kaveesh/turtlebot3_ws/install/turtlebot3_gazebo/share/turtlebot3_gazebo//models/turtlebot3_common/meshes/r200.dae
[10.816s] -- Symlinking: /home/kaveesh/turtlebot3_ws/install/turtlebot3_gazebo/share/turtlebot3_gazebo//models/turtlebot3_common/meshes/sensors/astra.dae
[10.822s] -- Symlinking: /home/kaveesh/turtlebot3_ws/install/turtlebot3_gazebo/share/turtlebot3_gazebo//models/turtlebot3_common/meshes/sensors/astra.jpg
[10.828s] -- Symlinking: /home/kaveesh/turtlebot3_ws/install/turtlebot3_gazebo/share/turtlebot3_gazebo//models/turtlebot3_common/meshes/sensors/lds.stl
[10.834s] -- Symlinking: /home/kaveesh/turtlebot3_ws/install/turtlebot3_gazebo/share/turtlebot3_gazebo//models/turtlebot3_common/meshes/sensors/r200.dae
[10.839s] -- Symlinking: /home/kaveesh/turtlebot3_ws/install/turtlebot3_gazebo/share/turtlebot3_gazebo//models/turtlebot3_common/meshes/sensors/r200.jpg
[10.844s] -- Symlinking: /home/kaveesh/turtlebot3_ws/install/turtlebot3_gazebo/share/turtlebot3_gazebo//models/turtlebot3_common/meshes/tire.dae
[10.848s] -- Symlinking: /home/kaveesh/turtlebot3_ws/install/turtlebot3_gazebo/share/turtlebot3_gazebo//models/turtlebot3_common/meshes/waffle_base.dae
[10.852s] -- Symlinking: /home/kaveesh/turtlebot3_ws/install/turtlebot3_gazebo/share/turtlebot3_gazebo//models/turtlebot3_common/meshes/waffle_pi_base.dae
[10.857s] -- Symlinking: /home/kaveesh/turtlebot3_ws/install/turtlebot3_gazebo/share/turtlebot3_gazebo//models/turtlebot3_common/meshes/wheels/left_tire.stl
[10.861s] -- Symlinking: /home/kaveesh/turtlebot3_ws/install/turtlebot3_gazebo/share/turtlebot3_gazebo//models/turtlebot3_common/meshes/wheels/right_tire.stl
[10.865s] -- Symlinking: /home/kaveesh/turtlebot3_ws/install/turtlebot3_gazebo/share/turtlebot3_gazebo//models/turtlebot3_common/model.config
[10.870s] -- Symlinking: /home/kaveesh/turtlebot3_ws/install/turtlebot3_gazebo/share/turtlebot3_gazebo//models/turtlebot3_dqn_world/goal_box/model.config
[10.874s] -- Symlinking: /home/kaveesh/turtlebot3_ws/install/turtlebot3_gazebo/share/turtlebot3_gazebo//models/turtlebot3_dqn_world/goal_box/model.sdf
[10.878s] -- Symlinking: /home/kaveesh/turtlebot3_ws/install/turtlebot3_gazebo/share/turtlebot3_gazebo//models/turtlebot3_dqn_world/inner_walls/model.config
[10.882s] -- Symlinking: /home/kaveesh/turtlebot3_ws/install/turtlebot3_gazebo/share/turtlebot3_gazebo//models/turtlebot3_dqn_world/inner_walls/model.sdf
[10.886s] -- Symlinking: /home/kaveesh/turtlebot3_ws/install/turtlebot3_gazebo/share/turtlebot3_gazebo//models/turtlebot3_dqn_world/model.config
[10.891s] -- Symlinking: /home/kaveesh/turtlebot3_ws/install/turtlebot3_gazebo/share/turtlebot3_gazebo//models/turtlebot3_dqn_world/model.sdf
[10.895s] -- Symlinking: /home/kaveesh/turtlebot3_ws/install/turtlebot3_gazebo/share/turtlebot3_gazebo//models/turtlebot3_dqn_world/obstacle1/model.config
[10.899s] -- Symlinking: /home/kaveesh/turtlebot3_ws/install/turtlebot3_gazebo/share/turtlebot3_gazebo//models/turtlebot3_dqn_world/obstacle1/model.sdf
[10.904s] -- Symlinking: /home/kaveesh/turtlebot3_ws/install/turtlebot3_gazebo/share/turtlebot3_gazebo//models/turtlebot3_dqn_world/obstacle2/model.config
[10.909s] -- Symlinking: /home/kaveesh/turtlebot3_ws/install/turtlebot3_gazebo/share/turtlebot3_gazebo//models/turtlebot3_dqn_world/obstacle2/model.sdf
[10.915s] -- Symlinking: /home/kaveesh/turtlebot3_ws/install/turtlebot3_gazebo/share/turtlebot3_gazebo//models/turtlebot3_dqn_world/obstacles/model.config
[10.921s] -- Symlinking: /home/kaveesh/turtlebot3_ws/install/turtlebot3_gazebo/share/turtlebot3_gazebo//models/turtlebot3_dqn_world/obstacles/model.sdf
[10.926s] -- Symlinking: /home/kaveesh/turtlebot3_ws/install/turtlebot3_gazebo/share/turtlebot3_gazebo//models/turtlebot3_house/model.config
[10.930s] -- Symlinking: /home/kaveesh/turtlebot3_ws/install/turtlebot3_gazebo/share/turtlebot3_gazebo//models/turtlebot3_house/model.sdf
[10.934s] -- Symlinking: /home/kaveesh/turtlebot3_ws/install/turtlebot3_gazebo/share/turtlebot3_gazebo//models/turtlebot3_waffle/model-1_4.sdf
[10.939s] -- Symlinking: /home/kaveesh/turtlebot3_ws/install/turtlebot3_gazebo/share/turtlebot3_gazebo//models/turtlebot3_waffle/model.config
[10.943s] -- Symlinking: /home/kaveesh/turtlebot3_ws/install/turtlebot3_gazebo/share/turtlebot3_gazebo//models/turtlebot3_waffle/model.sdf
[10.948s] -- Symlinking: /home/kaveesh/turtlebot3_ws/install/turtlebot3_gazebo/share/turtlebot3_gazebo//models/turtlebot3_waffle_pi/model-1_4_.sdf
[10.952s] -- Symlinking: /home/kaveesh/turtlebot3_ws/install/turtlebot3_gazebo/share/turtlebot3_gazebo//models/turtlebot3_waffle_pi/model.config
[10.956s] -- Symlinking: /home/kaveesh/turtlebot3_ws/install/turtlebot3_gazebo/share/turtlebot3_gazebo//models/turtlebot3_waffle_pi/model.sdf
[10.961s] -- Symlinking: /home/kaveesh/turtlebot3_ws/install/turtlebot3_gazebo/share/turtlebot3_gazebo//models/turtlebot3_world/meshes/hexagon.dae
[10.965s] -- Symlinking: /home/kaveesh/turtlebot3_ws/install/turtlebot3_gazebo/share/turtlebot3_gazebo//models/turtlebot3_world/meshes/wall.dae
[10.969s] -- Symlinking: /home/kaveesh/turtlebot3_ws/install/turtlebot3_gazebo/share/turtlebot3_gazebo//models/turtlebot3_world/model-1_4.sdf
[10.973s] -- Symlinking: /home/kaveesh/turtlebot3_ws/install/turtlebot3_gazebo/share/turtlebot3_gazebo//models/turtlebot3_world/model.config
[10.977s] -- Symlinking: /home/kaveesh/turtlebot3_ws/install/turtlebot3_gazebo/share/turtlebot3_gazebo//models/turtlebot3_world/model.sdf
[10.982s] -- Symlinking: /home/kaveesh/turtlebot3_ws/install/turtlebot3_gazebo/share/turtlebot3_gazebo//rviz/tb3_gazebo.rviz
[10.986s] -- Symlinking: /home/kaveesh/turtlebot3_ws/install/turtlebot3_gazebo/share/turtlebot3_gazebo//urdf/common_properties.urdf
[10.990s] -- Symlinking: /home/kaveesh/turtlebot3_ws/install/turtlebot3_gazebo/share/turtlebot3_gazebo//urdf/turtlebot3_burger.urdf
[10.995s] -- Symlinking: /home/kaveesh/turtlebot3_ws/install/turtlebot3_gazebo/share/turtlebot3_gazebo//urdf/turtlebot3_burger_cam.urdf
[10.999s] -- Symlinking: /home/kaveesh/turtlebot3_ws/install/turtlebot3_gazebo/share/turtlebot3_gazebo//urdf/turtlebot3_waffle.urdf
[11.004s] -- Symlinking: /home/kaveesh/turtlebot3_ws/install/turtlebot3_gazebo/share/turtlebot3_gazebo//urdf/turtlebot3_waffle_pi.urdf
[11.008s] -- Symlinking: /home/kaveesh/turtlebot3_ws/install/turtlebot3_gazebo/share/turtlebot3_gazebo//worlds/empty_world.world
[11.012s] -- Symlinking: /home/kaveesh/turtlebot3_ws/install/turtlebot3_gazebo/share/turtlebot3_gazebo//worlds/turtlebot3_autorace_2020.world
[11.016s] -- Symlinking: /home/kaveesh/turtlebot3_ws/install/turtlebot3_gazebo/share/turtlebot3_gazebo//worlds/turtlebot3_dqn_stage1.world
[11.021s] -- Symlinking: /home/kaveesh/turtlebot3_ws/install/turtlebot3_gazebo/share/turtlebot3_gazebo//worlds/turtlebot3_dqn_stage2.world
[11.025s] -- Symlinking: /home/kaveesh/turtlebot3_ws/install/turtlebot3_gazebo/share/turtlebot3_gazebo//worlds/turtlebot3_dqn_stage3.world
[11.029s] -- Symlinking: /home/kaveesh/turtlebot3_ws/install/turtlebot3_gazebo/share/turtlebot3_gazebo//worlds/turtlebot3_dqn_stage4.world
[11.034s] -- Symlinking: /home/kaveesh/turtlebot3_ws/install/turtlebot3_gazebo/share/turtlebot3_gazebo//worlds/turtlebot3_house.world
[11.038s] -- Symlinking: /home/kaveesh/turtlebot3_ws/install/turtlebot3_gazebo/share/turtlebot3_gazebo//worlds/turtlebot3_world.world
[11.042s] -- Symlinking: /home/kaveesh/turtlebot3_ws/install/turtlebot3_gazebo/include//turtlebot3_gazebo/obstacle1.hpp
[11.046s] -- Symlinking: /home/kaveesh/turtlebot3_ws/install/turtlebot3_gazebo/include//turtlebot3_gazebo/obstacle2.hpp
[11.050s] -- Symlinking: /home/kaveesh/turtlebot3_ws/install/turtlebot3_gazebo/include//turtlebot3_gazebo/obstacles.hpp
[11.055s] -- Symlinking: /home/kaveesh/turtlebot3_ws/install/turtlebot3_gazebo/include//turtlebot3_gazebo/traffic_bar_plugin.hpp
[11.060s] -- Symlinking: /home/kaveesh/turtlebot3_ws/install/turtlebot3_gazebo/include//turtlebot3_gazebo/traffic_light_plugin.hpp
[11.064s] -- Symlinking: /home/kaveesh/turtlebot3_ws/install/turtlebot3_gazebo/include//turtlebot3_gazebo/turtlebot3_drive.hpp
[11.069s] -- Symlinking: /home/kaveesh/turtlebot3_ws/install/turtlebot3_gazebo/share/ament_index/resource_index/package_run_dependencies/turtlebot3_gazebo
[11.073s] -- Symlinking: /home/kaveesh/turtlebot3_ws/install/turtlebot3_gazebo/share/ament_index/resource_index/parent_prefix_path/turtlebot3_gazebo
[11.077s] -- Symlinking: /home/kaveesh/turtlebot3_ws/install/turtlebot3_gazebo/share/turtlebot3_gazebo/environment/ament_prefix_path.sh
[11.082s] -- Symlinking: /home/kaveesh/turtlebot3_ws/install/turtlebot3_gazebo/share/turtlebot3_gazebo/environment/ament_prefix_path.dsv
[11.086s] -- Symlinking: /home/kaveesh/turtlebot3_ws/install/turtlebot3_gazebo/share/turtlebot3_gazebo/environment/path.sh
[11.090s] -- Symlinking: /home/kaveesh/turtlebot3_ws/install/turtlebot3_gazebo/share/turtlebot3_gazebo/environment/path.dsv
[11.094s] -- Symlinking: /home/kaveesh/turtlebot3_ws/install/turtlebot3_gazebo/share/turtlebot3_gazebo/local_setup.bash
[11.098s] -- Symlinking: /home/kaveesh/turtlebot3_ws/install/turtlebot3_gazebo/share/turtlebot3_gazebo/local_setup.sh
[11.103s] -- Symlinking: /home/kaveesh/turtlebot3_ws/install/turtlebot3_gazebo/share/turtlebot3_gazebo/local_setup.zsh
[11.108s] -- Symlinking: /home/kaveesh/turtlebot3_ws/install/turtlebot3_gazebo/share/turtlebot3_gazebo/local_setup.dsv
[11.112s] -- Symlinking: /home/kaveesh/turtlebot3_ws/install/turtlebot3_gazebo/share/turtlebot3_gazebo/package.dsv
[11.116s] -- Symlinking: /home/kaveesh/turtlebot3_ws/install/turtlebot3_gazebo/share/ament_index/resource_index/packages/turtlebot3_gazebo
[11.121s] -- Symlinking: /home/kaveesh/turtlebot3_ws/install/turtlebot3_gazebo/share/turtlebot3_gazebo/cmake/ament_cmake_export_include_directories-extras.cmake
[11.125s] -- Symlinking: /home/kaveesh/turtlebot3_ws/install/turtlebot3_gazebo/share/turtlebot3_gazebo/cmake/ament_cmake_export_dependencies-extras.cmake
[11.130s] -- Symlinking: /home/kaveesh/turtlebot3_ws/install/turtlebot3_gazebo/share/turtlebot3_gazebo/cmake/turtlebot3_gazeboConfig.cmake
[11.134s] -- Symlinking: /home/kaveesh/turtlebot3_ws/install/turtlebot3_gazebo/share/turtlebot3_gazebo/cmake/turtlebot3_gazeboConfig-version.cmake
[11.138s] -- Symlinking: /home/kaveesh/turtlebot3_ws/install/turtlebot3_gazebo/share/turtlebot3_gazebo/package.xml
[11.144s] Invoked command in '/home/kaveesh/turtlebot3_ws/build/turtlebot3_gazebo' returned '0': CMAKE_PREFIX_PATH=${CMAKE_PREFIX_PATH}:/home/kaveesh/turtlebot3_ws/install/turtlebot3_teleop:/home/kaveesh/turtlebot3_ws/install/turtlebot3_example:/opt/ros/humble /usr/bin/cmake --install /home/kaveesh/turtlebot3_ws/build/turtlebot3_gazebo
