[0.194s] Invoking command in '/home/kaveesh/turtlebot3_ws/build/turtlebot3_fake_node': CMAKE_PREFIX_PATH=/home/kaveesh/turtlebot3_ws/install/turtlebot3_msgs:/home/kaveesh/turtlebot3_ws/install/turtlebot3:/home/kaveesh/turtlebot3_ws/install/turtlebot3_simulations:/home/kaveesh/turtlebot3_ws/install/turtlebot3_bringup:/home/kaveesh/turtlebot3_ws/install/turtlebot3_node:/home/kaveesh/turtlebot3_ws/install/turtlebot3_navigation2:/home/kaveesh/turtlebot3_ws/install/turtlebot3_fake_node:/home/kaveesh/turtlebot3_ws/install/turtlebot3_manipulation_gazebo:/home/kaveesh/turtlebot3_ws/install/turtlebot3_gazebo:/home/kaveesh/turtlebot3_ws/install/turtlebot3_description:/home/kaveesh/turtlebot3_ws/install/turtlebot3_cartographer:/home/kaveesh/turtlebot3_ws/install/dynamixel_sdk_examples:/home/kaveesh/turtlebot3_ws/install/dynamixel_sdk_custom_interfaces:/home/kaveesh/turtlebot3_ws/install/dynamixel_sdk:/home/kaveesh/turtlebot3_ws/install/turtlebot3_teleop:/home/kaveesh/turtlebot3_ws/install/turtlebot3_example:/opt/ros/humble LD_LIBRARY_PATH=/home/kaveesh/turtlebot3_ws/install/turtlebot3_msgs/lib:/home/kaveesh/turtlebot3_ws/install/dynamixel_sdk_custom_interfaces/lib:/home/kaveesh/turtlebot3_ws/install/dynamixel_sdk/lib:/usr/lib/x86_64-linux-gnu/gazebo-11/plugins:/opt/ros/humble/opt/rviz_ogre_vendor/lib:/opt/ros/humble/lib/x86_64-linux-gnu:/opt/ros/humble/lib:/usr/lib/x86_64-linux-gnu/gazebo-11/plugins:/usr/lib/x86_64-linux-gnu/gazebo-11/plugins:/usr/lib/x86_64-linux-gnu/gazebo-11/plugins:/usr/lib/x86_64-linux-gnu/gazebo-11/plugins:/usr/lib/x86_64-linux-gnu/gazebo-11/plugins:/usr/lib/x86_64-linux-gnu/gazebo-11/plugins:/usr/lib/x86_64-linux-gnu/gazebo-11/plugins:/usr/lib/x86_64-linux-gnu/gazebo-11/plugins:/usr/lib/x86_64-linux-gnu/gazebo-11/plugins:/usr/lib/x86_64-linux-gnu/gazebo-11/plugins:/usr/lib/x86_64-linux-gnu/gazebo-11/plugins:/usr/lib/x86_64-linux-gnu/gazebo-11/plugins:/usr/lib/x86_64-linux-gnu/gazebo-11/plugins:/usr/lib/x86_64-linux-gnu/gazebo-11/plugins:/usr/lib/x86_64-linux-gnu/gazebo-11/plugins:/usr/lib/x86_64-linux-gnu/gazebo-11/plugins:/usr/lib/x86_64-linux-gnu/gazebo-11/plugins:/usr/lib/x86_64-linux-gnu/gazebo-11/plugins:/usr/lib/x86_64-linux-gnu/gazebo-11/plugins:/usr/lib/x86_64-linux-gnu/gazebo-11/plugins:/usr/lib/x86_64-linux-gnu/gazebo-11/plugins /usr/bin/cmake /home/kaveesh/turtlebot3_ws/src/turtlebot3_simulations/turtlebot3_fake_node -DAMENT_CMAKE_SYMLINK_INSTALL=1 -DCMAKE_INSTALL_PREFIX=/home/kaveesh/turtlebot3_ws/install/turtlebot3_fake_node
[0.233s] -- The C compiler identification is GNU 11.4.0
[0.275s] -- The CXX compiler identification is GNU 11.4.0
[0.281s] -- Detecting C compiler ABI info
[0.328s] -- Detecting C compiler ABI info - done
[0.335s] -- Check for working C compiler: /usr/bin/cc - skipped
[0.335s] -- Detecting C compile features
[0.335s] -- Detecting C compile features - done
[0.337s] -- Detecting CXX compiler ABI info
[0.392s] -- Detecting CXX compiler ABI info - done
[0.398s] -- Check for working CXX compiler: /usr/bin/c++ - skipped
[0.398s] -- Detecting CXX compile features
[0.398s] -- Detecting CXX compile features - done
[0.400s] -- Found ament_cmake: 1.3.12 (/opt/ros/humble/share/ament_cmake/cmake)
[0.516s] -- Found Python3: /usr/bin/python3 (found version "3.10.12") found components: Interpreter 
[0.563s] -- Override CMake install command with custom implementation using symlinks instead of copying resources
[0.586s] -- Found geometry_msgs: 4.9.0 (/opt/ros/humble/share/geometry_msgs/cmake)
[0.616s] -- Found rosidl_generator_c: 3.1.7 (/opt/ros/humble/share/rosidl_generator_c/cmake)
[0.620s] -- Found rosidl_adapter: 3.1.7 (/opt/ros/humble/share/rosidl_adapter/cmake)
[0.627s] -- Found rosidl_generator_cpp: 3.1.7 (/opt/ros/humble/share/rosidl_generator_cpp/cmake)
[0.637s] -- Using all available rosidl_typesupport_c: rosidl_typesupport_fastrtps_c;rosidl_typesupport_introspection_c
[0.650s] -- Using all available rosidl_typesupport_cpp: rosidl_typesupport_fastrtps_cpp;rosidl_typesupport_introspection_cpp
[0.678s] -- Found nav_msgs: 4.9.0 (/opt/ros/humble/share/nav_msgs/cmake)
[0.690s] -- Found rclcpp: 16.0.15 (/opt/ros/humble/share/rclcpp/cmake)
[0.720s] -- Found rmw_implementation_cmake: 6.1.2 (/opt/ros/humble/share/rmw_implementation_cmake/cmake)
[0.722s] -- Found rmw_fastrtps_cpp: 6.2.9 (/opt/ros/humble/share/rmw_fastrtps_cpp/cmake)
[0.781s] -- Found OpenSSL: /usr/lib/x86_64-linux-gnu/libcrypto.so (found version "3.0.2")  
[0.801s] -- Found FastRTPS: /opt/ros/humble/include  
[0.830s] -- Using RMW implementation 'rmw_fastrtps_cpp' as default
[0.836s] -- Looking for pthread.h
[0.878s] -- Looking for pthread.h - found
[0.878s] -- Performing Test CMAKE_HAVE_LIBC_PTHREAD
[0.918s] -- Performing Test CMAKE_HAVE_LIBC_PTHREAD - Success
[0.919s] -- Found Threads: TRUE  
[0.946s] -- Found sensor_msgs: 4.9.0 (/opt/ros/humble/share/sensor_msgs/cmake)
[0.958s] -- Found tf2: 0.25.16 (/opt/ros/humble/share/tf2/cmake)
[0.966s] -- Found tf2_msgs: 0.25.16 (/opt/ros/humble/share/tf2_msgs/cmake)
[0.994s] -- Found turtlebot3_msgs: 2.4.0 (/home/kaveesh/turtlebot3_ws/install/turtlebot3_msgs/share/turtlebot3_msgs/cmake)
[1.053s] -- Configuring done
[1.060s] -- Generating done
[1.062s] -- Build files have been written to: /home/kaveesh/turtlebot3_ws/build/turtlebot3_fake_node
[1.070s] Invoked command in '/home/kaveesh/turtlebot3_ws/build/turtlebot3_fake_node' returned '0': CMAKE_PREFIX_PATH=/home/kaveesh/turtlebot3_ws/install/turtlebot3_msgs:/home/kaveesh/turtlebot3_ws/install/turtlebot3:/home/kaveesh/turtlebot3_ws/install/turtlebot3_simulations:/home/kaveesh/turtlebot3_ws/install/turtlebot3_bringup:/home/kaveesh/turtlebot3_ws/install/turtlebot3_node:/home/kaveesh/turtlebot3_ws/install/turtlebot3_navigation2:/home/kaveesh/turtlebot3_ws/install/turtlebot3_fake_node:/home/kaveesh/turtlebot3_ws/install/turtlebot3_manipulation_gazebo:/home/kaveesh/turtlebot3_ws/install/turtlebot3_gazebo:/home/kaveesh/turtlebot3_ws/install/turtlebot3_description:/home/kaveesh/turtlebot3_ws/install/turtlebot3_cartographer:/home/kaveesh/turtlebot3_ws/install/dynamixel_sdk_examples:/home/kaveesh/turtlebot3_ws/install/dynamixel_sdk_custom_interfaces:/home/kaveesh/turtlebot3_ws/install/dynamixel_sdk:/home/kaveesh/turtlebot3_ws/install/turtlebot3_teleop:/home/kaveesh/turtlebot3_ws/install/turtlebot3_example:/opt/ros/humble LD_LIBRARY_PATH=/home/kaveesh/turtlebot3_ws/install/turtlebot3_msgs/lib:/home/kaveesh/turtlebot3_ws/install/dynamixel_sdk_custom_interfaces/lib:/home/kaveesh/turtlebot3_ws/install/dynamixel_sdk/lib:/usr/lib/x86_64-linux-gnu/gazebo-11/plugins:/opt/ros/humble/opt/rviz_ogre_vendor/lib:/opt/ros/humble/lib/x86_64-linux-gnu:/opt/ros/humble/lib:/usr/lib/x86_64-linux-gnu/gazebo-11/plugins:/usr/lib/x86_64-linux-gnu/gazebo-11/plugins:/usr/lib/x86_64-linux-gnu/gazebo-11/plugins:/usr/lib/x86_64-linux-gnu/gazebo-11/plugins:/usr/lib/x86_64-linux-gnu/gazebo-11/plugins:/usr/lib/x86_64-linux-gnu/gazebo-11/plugins:/usr/lib/x86_64-linux-gnu/gazebo-11/plugins:/usr/lib/x86_64-linux-gnu/gazebo-11/plugins:/usr/lib/x86_64-linux-gnu/gazebo-11/plugins:/usr/lib/x86_64-linux-gnu/gazebo-11/plugins:/usr/lib/x86_64-linux-gnu/gazebo-11/plugins:/usr/lib/x86_64-linux-gnu/gazebo-11/plugins:/usr/lib/x86_64-linux-gnu/gazebo-11/plugins:/usr/lib/x86_64-linux-gnu/gazebo-11/plugins:/usr/lib/x86_64-linux-gnu/gazebo-11/plugins:/usr/lib/x86_64-linux-gnu/gazebo-11/plugins:/usr/lib/x86_64-linux-gnu/gazebo-11/plugins:/usr/lib/x86_64-linux-gnu/gazebo-11/plugins:/usr/lib/x86_64-linux-gnu/gazebo-11/plugins:/usr/lib/x86_64-linux-gnu/gazebo-11/plugins:/usr/lib/x86_64-linux-gnu/gazebo-11/plugins /usr/bin/cmake /home/kaveesh/turtlebot3_ws/src/turtlebot3_simulations/turtlebot3_fake_node -DAMENT_CMAKE_SYMLINK_INSTALL=1 -DCMAKE_INSTALL_PREFIX=/home/kaveesh/turtlebot3_ws/install/turtlebot3_fake_node
[1.070s] Invoking command in '/home/kaveesh/turtlebot3_ws/build/turtlebot3_fake_node': CMAKE_PREFIX_PATH=/home/kaveesh/turtlebot3_ws/install/turtlebot3_msgs:/home/kaveesh/turtlebot3_ws/install/turtlebot3:/home/kaveesh/turtlebot3_ws/install/turtlebot3_simulations:/home/kaveesh/turtlebot3_ws/install/turtlebot3_bringup:/home/kaveesh/turtlebot3_ws/install/turtlebot3_node:/home/kaveesh/turtlebot3_ws/install/turtlebot3_navigation2:/home/kaveesh/turtlebot3_ws/install/turtlebot3_fake_node:/home/kaveesh/turtlebot3_ws/install/turtlebot3_manipulation_gazebo:/home/kaveesh/turtlebot3_ws/install/turtlebot3_gazebo:/home/kaveesh/turtlebot3_ws/install/turtlebot3_description:/home/kaveesh/turtlebot3_ws/install/turtlebot3_cartographer:/home/kaveesh/turtlebot3_ws/install/dynamixel_sdk_examples:/home/kaveesh/turtlebot3_ws/install/dynamixel_sdk_custom_interfaces:/home/kaveesh/turtlebot3_ws/install/dynamixel_sdk:/home/kaveesh/turtlebot3_ws/install/turtlebot3_teleop:/home/kaveesh/turtlebot3_ws/install/turtlebot3_example:/opt/ros/humble LD_LIBRARY_PATH=/home/kaveesh/turtlebot3_ws/install/turtlebot3_msgs/lib:/home/kaveesh/turtlebot3_ws/install/dynamixel_sdk_custom_interfaces/lib:/home/kaveesh/turtlebot3_ws/install/dynamixel_sdk/lib:/usr/lib/x86_64-linux-gnu/gazebo-11/plugins:/opt/ros/humble/opt/rviz_ogre_vendor/lib:/opt/ros/humble/lib/x86_64-linux-gnu:/opt/ros/humble/lib:/usr/lib/x86_64-linux-gnu/gazebo-11/plugins:/usr/lib/x86_64-linux-gnu/gazebo-11/plugins:/usr/lib/x86_64-linux-gnu/gazebo-11/plugins:/usr/lib/x86_64-linux-gnu/gazebo-11/plugins:/usr/lib/x86_64-linux-gnu/gazebo-11/plugins:/usr/lib/x86_64-linux-gnu/gazebo-11/plugins:/usr/lib/x86_64-linux-gnu/gazebo-11/plugins:/usr/lib/x86_64-linux-gnu/gazebo-11/plugins:/usr/lib/x86_64-linux-gnu/gazebo-11/plugins:/usr/lib/x86_64-linux-gnu/gazebo-11/plugins:/usr/lib/x86_64-linux-gnu/gazebo-11/plugins:/usr/lib/x86_64-linux-gnu/gazebo-11/plugins:/usr/lib/x86_64-linux-gnu/gazebo-11/plugins:/usr/lib/x86_64-linux-gnu/gazebo-11/plugins:/usr/lib/x86_64-linux-gnu/gazebo-11/plugins:/usr/lib/x86_64-linux-gnu/gazebo-11/plugins:/usr/lib/x86_64-linux-gnu/gazebo-11/plugins:/usr/lib/x86_64-linux-gnu/gazebo-11/plugins:/usr/lib/x86_64-linux-gnu/gazebo-11/plugins:/usr/lib/x86_64-linux-gnu/gazebo-11/plugins:/usr/lib/x86_64-linux-gnu/gazebo-11/plugins /usr/bin/cmake --build /home/kaveesh/turtlebot3_ws/build/turtlebot3_fake_node -- -j24 -l24
[1.097s] [ 50%] [32mBuilding CXX object CMakeFiles/turtlebot3_fake_node.dir/src/turtlebot3_fake_node.cpp.o[0m
[7.804s] [100%] [32m[1mLinking CXX executable turtlebot3_fake_node[0m
[8.171s] [100%] Built target turtlebot3_fake_node
[8.182s] Invoked command in '/home/kaveesh/turtlebot3_ws/build/turtlebot3_fake_node' returned '0': CMAKE_PREFIX_PATH=/home/kaveesh/turtlebot3_ws/install/turtlebot3_msgs:/home/kaveesh/turtlebot3_ws/install/turtlebot3:/home/kaveesh/turtlebot3_ws/install/turtlebot3_simulations:/home/kaveesh/turtlebot3_ws/install/turtlebot3_bringup:/home/kaveesh/turtlebot3_ws/install/turtlebot3_node:/home/kaveesh/turtlebot3_ws/install/turtlebot3_navigation2:/home/kaveesh/turtlebot3_ws/install/turtlebot3_fake_node:/home/kaveesh/turtlebot3_ws/install/turtlebot3_manipulation_gazebo:/home/kaveesh/turtlebot3_ws/install/turtlebot3_gazebo:/home/kaveesh/turtlebot3_ws/install/turtlebot3_description:/home/kaveesh/turtlebot3_ws/install/turtlebot3_cartographer:/home/kaveesh/turtlebot3_ws/install/dynamixel_sdk_examples:/home/kaveesh/turtlebot3_ws/install/dynamixel_sdk_custom_interfaces:/home/kaveesh/turtlebot3_ws/install/dynamixel_sdk:/home/kaveesh/turtlebot3_ws/install/turtlebot3_teleop:/home/kaveesh/turtlebot3_ws/install/turtlebot3_example:/opt/ros/humble LD_LIBRARY_PATH=/home/kaveesh/turtlebot3_ws/install/turtlebot3_msgs/lib:/home/kaveesh/turtlebot3_ws/install/dynamixel_sdk_custom_interfaces/lib:/home/kaveesh/turtlebot3_ws/install/dynamixel_sdk/lib:/usr/lib/x86_64-linux-gnu/gazebo-11/plugins:/opt/ros/humble/opt/rviz_ogre_vendor/lib:/opt/ros/humble/lib/x86_64-linux-gnu:/opt/ros/humble/lib:/usr/lib/x86_64-linux-gnu/gazebo-11/plugins:/usr/lib/x86_64-linux-gnu/gazebo-11/plugins:/usr/lib/x86_64-linux-gnu/gazebo-11/plugins:/usr/lib/x86_64-linux-gnu/gazebo-11/plugins:/usr/lib/x86_64-linux-gnu/gazebo-11/plugins:/usr/lib/x86_64-linux-gnu/gazebo-11/plugins:/usr/lib/x86_64-linux-gnu/gazebo-11/plugins:/usr/lib/x86_64-linux-gnu/gazebo-11/plugins:/usr/lib/x86_64-linux-gnu/gazebo-11/plugins:/usr/lib/x86_64-linux-gnu/gazebo-11/plugins:/usr/lib/x86_64-linux-gnu/gazebo-11/plugins:/usr/lib/x86_64-linux-gnu/gazebo-11/plugins:/usr/lib/x86_64-linux-gnu/gazebo-11/plugins:/usr/lib/x86_64-linux-gnu/gazebo-11/plugins:/usr/lib/x86_64-linux-gnu/gazebo-11/plugins:/usr/lib/x86_64-linux-gnu/gazebo-11/plugins:/usr/lib/x86_64-linux-gnu/gazebo-11/plugins:/usr/lib/x86_64-linux-gnu/gazebo-11/plugins:/usr/lib/x86_64-linux-gnu/gazebo-11/plugins:/usr/lib/x86_64-linux-gnu/gazebo-11/plugins:/usr/lib/x86_64-linux-gnu/gazebo-11/plugins /usr/bin/cmake --build /home/kaveesh/turtlebot3_ws/build/turtlebot3_fake_node -- -j24 -l24
[8.183s] Invoking command in '/home/kaveesh/turtlebot3_ws/build/turtlebot3_fake_node': CMAKE_PREFIX_PATH=/home/kaveesh/turtlebot3_ws/install/turtlebot3_msgs:/home/kaveesh/turtlebot3_ws/install/turtlebot3:/home/kaveesh/turtlebot3_ws/install/turtlebot3_simulations:/home/kaveesh/turtlebot3_ws/install/turtlebot3_bringup:/home/kaveesh/turtlebot3_ws/install/turtlebot3_node:/home/kaveesh/turtlebot3_ws/install/turtlebot3_navigation2:/home/kaveesh/turtlebot3_ws/install/turtlebot3_fake_node:/home/kaveesh/turtlebot3_ws/install/turtlebot3_manipulation_gazebo:/home/kaveesh/turtlebot3_ws/install/turtlebot3_gazebo:/home/kaveesh/turtlebot3_ws/install/turtlebot3_description:/home/kaveesh/turtlebot3_ws/install/turtlebot3_cartographer:/home/kaveesh/turtlebot3_ws/install/dynamixel_sdk_examples:/home/kaveesh/turtlebot3_ws/install/dynamixel_sdk_custom_interfaces:/home/kaveesh/turtlebot3_ws/install/dynamixel_sdk:/home/kaveesh/turtlebot3_ws/install/turtlebot3_teleop:/home/kaveesh/turtlebot3_ws/install/turtlebot3_example:/opt/ros/humble LD_LIBRARY_PATH=/home/kaveesh/turtlebot3_ws/install/turtlebot3_msgs/lib:/home/kaveesh/turtlebot3_ws/install/dynamixel_sdk_custom_interfaces/lib:/home/kaveesh/turtlebot3_ws/install/dynamixel_sdk/lib:/usr/lib/x86_64-linux-gnu/gazebo-11/plugins:/opt/ros/humble/opt/rviz_ogre_vendor/lib:/opt/ros/humble/lib/x86_64-linux-gnu:/opt/ros/humble/lib:/usr/lib/x86_64-linux-gnu/gazebo-11/plugins:/usr/lib/x86_64-linux-gnu/gazebo-11/plugins:/usr/lib/x86_64-linux-gnu/gazebo-11/plugins:/usr/lib/x86_64-linux-gnu/gazebo-11/plugins:/usr/lib/x86_64-linux-gnu/gazebo-11/plugins:/usr/lib/x86_64-linux-gnu/gazebo-11/plugins:/usr/lib/x86_64-linux-gnu/gazebo-11/plugins:/usr/lib/x86_64-linux-gnu/gazebo-11/plugins:/usr/lib/x86_64-linux-gnu/gazebo-11/plugins:/usr/lib/x86_64-linux-gnu/gazebo-11/plugins:/usr/lib/x86_64-linux-gnu/gazebo-11/plugins:/usr/lib/x86_64-linux-gnu/gazebo-11/plugins:/usr/lib/x86_64-linux-gnu/gazebo-11/plugins:/usr/lib/x86_64-linux-gnu/gazebo-11/plugins:/usr/lib/x86_64-linux-gnu/gazebo-11/plugins:/usr/lib/x86_64-linux-gnu/gazebo-11/plugins:/usr/lib/x86_64-linux-gnu/gazebo-11/plugins:/usr/lib/x86_64-linux-gnu/gazebo-11/plugins:/usr/lib/x86_64-linux-gnu/gazebo-11/plugins:/usr/lib/x86_64-linux-gnu/gazebo-11/plugins:/usr/lib/x86_64-linux-gnu/gazebo-11/plugins /usr/bin/cmake --install /home/kaveesh/turtlebot3_ws/build/turtlebot3_fake_node
[8.187s] -- Install configuration: ""
[8.187s] -- Execute custom install script
[8.187s] -- Symlinking: /home/kaveesh/turtlebot3_ws/install/turtlebot3_fake_node/lib/turtlebot3_fake_node/turtlebot3_fake_node
[8.194s] -- Symlinking: /home/kaveesh/turtlebot3_ws/install/turtlebot3_fake_node/share/turtlebot3_fake_node/launch/rviz2.launch.py
[8.199s] -- Symlinking: /home/kaveesh/turtlebot3_ws/install/turtlebot3_fake_node/share/turtlebot3_fake_node/launch/turtlebot3_fake_node.launch.py
[8.205s] -- Symlinking: /home/kaveesh/turtlebot3_ws/install/turtlebot3_fake_node/share/turtlebot3_fake_node/param/burger.yaml
[8.211s] -- Symlinking: /home/kaveesh/turtlebot3_ws/install/turtlebot3_fake_node/share/turtlebot3_fake_node/param/waffle.yaml
[8.216s] -- Symlinking: /home/kaveesh/turtlebot3_ws/install/turtlebot3_fake_node/share/turtlebot3_fake_node/param/waffle_pi.yaml
[8.222s] -- Symlinking: /home/kaveesh/turtlebot3_ws/install/turtlebot3_fake_node/include//turtlebot3_fake_node/turtlebot3_fake_node.hpp
[8.227s] -- Symlinking: /home/kaveesh/turtlebot3_ws/install/turtlebot3_fake_node/share/ament_index/resource_index/package_run_dependencies/turtlebot3_fake_node
[8.235s] -- Symlinking: /home/kaveesh/turtlebot3_ws/install/turtlebot3_fake_node/share/ament_index/resource_index/parent_prefix_path/turtlebot3_fake_node
[8.241s] -- Symlinking: /home/kaveesh/turtlebot3_ws/install/turtlebot3_fake_node/share/turtlebot3_fake_node/environment/ament_prefix_path.sh
[8.247s] -- Symlinking: /home/kaveesh/turtlebot3_ws/install/turtlebot3_fake_node/share/turtlebot3_fake_node/environment/ament_prefix_path.dsv
[8.252s] -- Symlinking: /home/kaveesh/turtlebot3_ws/install/turtlebot3_fake_node/share/turtlebot3_fake_node/environment/path.sh
[8.257s] -- Symlinking: /home/kaveesh/turtlebot3_ws/install/turtlebot3_fake_node/share/turtlebot3_fake_node/environment/path.dsv
[8.263s] -- Symlinking: /home/kaveesh/turtlebot3_ws/install/turtlebot3_fake_node/share/turtlebot3_fake_node/local_setup.bash
[8.268s] -- Symlinking: /home/kaveesh/turtlebot3_ws/install/turtlebot3_fake_node/share/turtlebot3_fake_node/local_setup.sh
[8.275s] -- Symlinking: /home/kaveesh/turtlebot3_ws/install/turtlebot3_fake_node/share/turtlebot3_fake_node/local_setup.zsh
[8.280s] -- Symlinking: /home/kaveesh/turtlebot3_ws/install/turtlebot3_fake_node/share/turtlebot3_fake_node/local_setup.dsv
[8.286s] -- Symlinking: /home/kaveesh/turtlebot3_ws/install/turtlebot3_fake_node/share/turtlebot3_fake_node/package.dsv
[8.292s] -- Symlinking: /home/kaveesh/turtlebot3_ws/install/turtlebot3_fake_node/share/ament_index/resource_index/packages/turtlebot3_fake_node
[8.298s] -- Symlinking: /home/kaveesh/turtlebot3_ws/install/turtlebot3_fake_node/share/turtlebot3_fake_node/cmake/ament_cmake_export_include_directories-extras.cmake
[8.303s] -- Symlinking: /home/kaveesh/turtlebot3_ws/install/turtlebot3_fake_node/share/turtlebot3_fake_node/cmake/ament_cmake_export_dependencies-extras.cmake
[8.309s] -- Symlinking: /home/kaveesh/turtlebot3_ws/install/turtlebot3_fake_node/share/turtlebot3_fake_node/cmake/turtlebot3_fake_nodeConfig.cmake
[8.314s] -- Symlinking: /home/kaveesh/turtlebot3_ws/install/turtlebot3_fake_node/share/turtlebot3_fake_node/cmake/turtlebot3_fake_nodeConfig-version.cmake
[8.320s] -- Symlinking: /home/kaveesh/turtlebot3_ws/install/turtlebot3_fake_node/share/turtlebot3_fake_node/package.xml
[8.328s] Invoked command in '/home/kaveesh/turtlebot3_ws/build/turtlebot3_fake_node' returned '0': CMAKE_PREFIX_PATH=/home/kaveesh/turtlebot3_ws/install/turtlebot3_msgs:/home/kaveesh/turtlebot3_ws/install/turtlebot3:/home/kaveesh/turtlebot3_ws/install/turtlebot3_simulations:/home/kaveesh/turtlebot3_ws/install/turtlebot3_bringup:/home/kaveesh/turtlebot3_ws/install/turtlebot3_node:/home/kaveesh/turtlebot3_ws/install/turtlebot3_navigation2:/home/kaveesh/turtlebot3_ws/install/turtlebot3_fake_node:/home/kaveesh/turtlebot3_ws/install/turtlebot3_manipulation_gazebo:/home/kaveesh/turtlebot3_ws/install/turtlebot3_gazebo:/home/kaveesh/turtlebot3_ws/install/turtlebot3_description:/home/kaveesh/turtlebot3_ws/install/turtlebot3_cartographer:/home/kaveesh/turtlebot3_ws/install/dynamixel_sdk_examples:/home/kaveesh/turtlebot3_ws/install/dynamixel_sdk_custom_interfaces:/home/kaveesh/turtlebot3_ws/install/dynamixel_sdk:/home/kaveesh/turtlebot3_ws/install/turtlebot3_teleop:/home/kaveesh/turtlebot3_ws/install/turtlebot3_example:/opt/ros/humble LD_LIBRARY_PATH=/home/kaveesh/turtlebot3_ws/install/turtlebot3_msgs/lib:/home/kaveesh/turtlebot3_ws/install/dynamixel_sdk_custom_interfaces/lib:/home/kaveesh/turtlebot3_ws/install/dynamixel_sdk/lib:/usr/lib/x86_64-linux-gnu/gazebo-11/plugins:/opt/ros/humble/opt/rviz_ogre_vendor/lib:/opt/ros/humble/lib/x86_64-linux-gnu:/opt/ros/humble/lib:/usr/lib/x86_64-linux-gnu/gazebo-11/plugins:/usr/lib/x86_64-linux-gnu/gazebo-11/plugins:/usr/lib/x86_64-linux-gnu/gazebo-11/plugins:/usr/lib/x86_64-linux-gnu/gazebo-11/plugins:/usr/lib/x86_64-linux-gnu/gazebo-11/plugins:/usr/lib/x86_64-linux-gnu/gazebo-11/plugins:/usr/lib/x86_64-linux-gnu/gazebo-11/plugins:/usr/lib/x86_64-linux-gnu/gazebo-11/plugins:/usr/lib/x86_64-linux-gnu/gazebo-11/plugins:/usr/lib/x86_64-linux-gnu/gazebo-11/plugins:/usr/lib/x86_64-linux-gnu/gazebo-11/plugins:/usr/lib/x86_64-linux-gnu/gazebo-11/plugins:/usr/lib/x86_64-linux-gnu/gazebo-11/plugins:/usr/lib/x86_64-linux-gnu/gazebo-11/plugins:/usr/lib/x86_64-linux-gnu/gazebo-11/plugins:/usr/lib/x86_64-linux-gnu/gazebo-11/plugins:/usr/lib/x86_64-linux-gnu/gazebo-11/plugins:/usr/lib/x86_64-linux-gnu/gazebo-11/plugins:/usr/lib/x86_64-linux-gnu/gazebo-11/plugins:/usr/lib/x86_64-linux-gnu/gazebo-11/plugins:/usr/lib/x86_64-linux-gnu/gazebo-11/plugins /usr/bin/cmake --install /home/kaveesh/turtlebot3_ws/build/turtlebot3_fake_node
