[0.738s] Invoking command in '/home/kaveesh/turtlebot3_ws/build/my_turtlebot3_control': PYTHONPATH=/home/kaveesh/turtlebot3_ws/build/my_turtlebot3_control/prefix_override:/usr/lib/python3/dist-packages/colcon_core/task/python/colcon_distutils_commands:/home/kaveesh/turtlebot3_ws/install/my_turtlebot3_control/lib/python3.10/site-packages:${PYTHONPATH} /usr/bin/python3 -W ignore:setup.py install is deprecated -W ignore:easy_install command is deprecated setup.py develop --editable --build-directory /home/kaveesh/turtlebot3_ws/build/my_turtlebot3_control/build --no-deps symlink_data
[0.928s] running develop
[1.025s] running egg_info
[1.025s] creating my_turtlebot3_control.egg-info
[1.025s] writing my_turtlebot3_control.egg-info/PKG-INFO
[1.025s] writing dependency_links to my_turtlebot3_control.egg-info/dependency_links.txt
[1.025s] writing entry points to my_turtlebot3_control.egg-info/entry_points.txt
[1.025s] writing requirements to my_turtlebot3_control.egg-info/requires.txt
[1.025s] writing top-level names to my_turtlebot3_control.egg-info/top_level.txt
[1.025s] writing manifest file 'my_turtlebot3_control.egg-info/SOURCES.txt'
[1.026s] reading manifest file 'my_turtlebot3_control.egg-info/SOURCES.txt'
[1.026s] writing manifest file 'my_turtlebot3_control.egg-info/SOURCES.txt'
[1.027s] running build_ext
[1.027s] Creating /home/kaveesh/turtlebot3_ws/install/my_turtlebot3_control/lib/python3.10/site-packages/my-turtlebot3-control.egg-link (link to .)
[1.027s] 
[1.028s] Installed /home/kaveesh/turtlebot3_ws/build/my_turtlebot3_control
[1.028s] running symlink_data
[1.028s] creating /home/kaveesh/turtlebot3_ws/install/my_turtlebot3_control/share/ament_index
[1.028s] creating /home/kaveesh/turtlebot3_ws/install/my_turtlebot3_control/share/ament_index/resource_index
[1.028s] creating /home/kaveesh/turtlebot3_ws/install/my_turtlebot3_control/share/ament_index/resource_index/packages
[1.028s] symbolically linking /home/kaveesh/turtlebot3_ws/build/my_turtlebot3_control/resource/my_turtlebot3_control -> /home/kaveesh/turtlebot3_ws/install/my_turtlebot3_control/share/ament_index/resource_index/packages
[1.028s] symbolically linking /home/kaveesh/turtlebot3_ws/build/my_turtlebot3_control/package.xml -> /home/kaveesh/turtlebot3_ws/install/my_turtlebot3_control/share/my_turtlebot3_control
[1.053s] Invoked command in '/home/kaveesh/turtlebot3_ws/build/my_turtlebot3_control' returned '0': PYTHONPATH=/home/kaveesh/turtlebot3_ws/build/my_turtlebot3_control/prefix_override:/usr/lib/python3/dist-packages/colcon_core/task/python/colcon_distutils_commands:/home/kaveesh/turtlebot3_ws/install/my_turtlebot3_control/lib/python3.10/site-packages:${PYTHONPATH} /usr/bin/python3 -W ignore:setup.py install is deprecated -W ignore:easy_install command is deprecated setup.py develop --editable --build-directory /home/kaveesh/turtlebot3_ws/build/my_turtlebot3_control/build --no-deps symlink_data
