[0.015s] Invoking command in '/home/kaveesh/turtlebot3_ws/build/dynamixel_sdk_custom_interfaces': CMAKE_PREFIX_PATH=${CMAKE_PREFIX_PATH}:/home/kaveesh/turtlebot3_ws/install/turtlebot3_teleop:/home/kaveesh/turtlebot3_ws/install/turtlebot3_example:/opt/ros/humble /usr/bin/cmake /home/kaveesh/turtlebot3_ws/src/DynamixelSDK/ros/dynamixel_sdk_custom_interfaces -DAMENT_CMAKE_SYMLINK_INSTALL=1 -DCMAKE_INSTALL_PREFIX=/home/kaveesh/turtlebot3_ws/install/dynamixel_sdk_custom_interfaces
[0.054s] -- The C compiler identification is GNU 11.4.0
[0.093s] -- The CXX compiler identification is GNU 11.4.0
[0.100s] -- Detecting C compiler ABI info
[0.148s] -- Detecting C compiler ABI info - done
[0.154s] -- Check for working C compiler: /usr/bin/cc - skipped
[0.155s] -- Detecting C compile features
[0.155s] -- Detecting C compile features - done
[0.157s] -- Detecting CXX compiler ABI info
[0.216s] -- Detecting CXX compiler ABI info - done
[0.225s] -- Check for working CXX compiler: /usr/bin/c++ - skipped
[0.225s] -- Detecting CXX compile features
[0.226s] -- Detecting CXX compile features - done
[0.227s] -- Found ament_cmake: 1.3.12 (/opt/ros/humble/share/ament_cmake/cmake)
[0.344s] -- Found Python3: /usr/bin/python3 (found version "3.10.12") found components: Interpreter 
[0.392s] -- Override CMake install command with custom implementation using symlinks instead of copying resources
[0.421s] -- Found builtin_interfaces: 1.2.2 (/opt/ros/humble/share/builtin_interfaces/cmake)
[0.450s] -- Found rosidl_generator_c: 3.1.7 (/opt/ros/humble/share/rosidl_generator_c/cmake)
[0.454s] -- Found rosidl_adapter: 3.1.7 (/opt/ros/humble/share/rosidl_adapter/cmake)
[0.460s] -- Found rosidl_generator_cpp: 3.1.7 (/opt/ros/humble/share/rosidl_generator_cpp/cmake)
[0.470s] -- Using all available rosidl_typesupport_c: rosidl_typesupport_fastrtps_c;rosidl_typesupport_introspection_c
[0.483s] -- Using all available rosidl_typesupport_cpp: rosidl_typesupport_fastrtps_cpp;rosidl_typesupport_introspection_cpp
[0.495s] -- Found rosidl_default_generators: 1.2.0 (/opt/ros/humble/share/rosidl_default_generators/cmake)
[0.791s] -- Found ament_cmake_ros: 0.10.0 (/opt/ros/humble/share/ament_cmake_ros/cmake)
[1.034s] -- Using all available rosidl_typesupport_c: rosidl_typesupport_fastrtps_c;rosidl_typesupport_introspection_c
[1.113s] -- Using all available rosidl_typesupport_cpp: rosidl_typesupport_fastrtps_cpp;rosidl_typesupport_introspection_cpp
[1.128s] -- Found PythonInterp: /usr/bin/python3 (found suitable version "3.10.12", minimum required is "3.6") 
[1.130s] -- Found python_cmake_module: 0.10.0 (/opt/ros/humble/share/python_cmake_module/cmake)
[1.148s] -- Found PythonLibs: /usr/lib/x86_64-linux-gnu/libpython3.10.so (found suitable version "3.10.12", minimum required is "3.5") 
[1.148s] -- Using PYTHON_EXECUTABLE: /usr/bin/python3
[1.148s] -- Using PYTHON_INCLUDE_DIRS: /usr/include/python3.10
[1.148s] -- Using PYTHON_LIBRARIES: /usr/lib/x86_64-linux-gnu/libpython3.10.so
[1.162s] -- Found PythonExtra: .so  
[1.193s] -- Configuring done
[1.210s] -- Generating done
[1.217s] -- Build files have been written to: /home/kaveesh/turtlebot3_ws/build/dynamixel_sdk_custom_interfaces
[1.222s] Invoked command in '/home/kaveesh/turtlebot3_ws/build/dynamixel_sdk_custom_interfaces' returned '0': CMAKE_PREFIX_PATH=${CMAKE_PREFIX_PATH}:/home/kaveesh/turtlebot3_ws/install/turtlebot3_teleop:/home/kaveesh/turtlebot3_ws/install/turtlebot3_example:/opt/ros/humble /usr/bin/cmake /home/kaveesh/turtlebot3_ws/src/DynamixelSDK/ros/dynamixel_sdk_custom_interfaces -DAMENT_CMAKE_SYMLINK_INSTALL=1 -DCMAKE_INSTALL_PREFIX=/home/kaveesh/turtlebot3_ws/install/dynamixel_sdk_custom_interfaces
[1.223s] Invoking command in '/home/kaveesh/turtlebot3_ws/build/dynamixel_sdk_custom_interfaces': CMAKE_PREFIX_PATH=${CMAKE_PREFIX_PATH}:/home/kaveesh/turtlebot3_ws/install/turtlebot3_teleop:/home/kaveesh/turtlebot3_ws/install/turtlebot3_example:/opt/ros/humble /usr/bin/cmake --build /home/kaveesh/turtlebot3_ws/build/dynamixel_sdk_custom_interfaces -- -j24 -l24
[1.244s] [  2%] [34m[1mGenerating C code for ROS interfaces[0m
[1.250s] [  5%] [34m[1mGenerating C++ code for ROS interfaces[0m
[1.254s] [  5%] Built target ament_cmake_python_symlink_dynamixel_sdk_custom_interfaces
[1.407s] running egg_info
[1.408s] creating dynamixel_sdk_custom_interfaces.egg-info
[1.408s] writing dynamixel_sdk_custom_interfaces.egg-info/PKG-INFO
[1.408s] writing dependency_links to dynamixel_sdk_custom_interfaces.egg-info/dependency_links.txt
[1.408s] writing top-level names to dynamixel_sdk_custom_interfaces.egg-info/top_level.txt
[1.408s] writing manifest file 'dynamixel_sdk_custom_interfaces.egg-info/SOURCES.txt'
[1.409s] reading manifest file 'dynamixel_sdk_custom_interfaces.egg-info/SOURCES.txt'
[1.409s] writing manifest file 'dynamixel_sdk_custom_interfaces.egg-info/SOURCES.txt'
[1.426s] [  5%] Built target ament_cmake_python_build_dynamixel_sdk_custom_interfaces_egg
[1.464s] [  5%] Built target dynamixel_sdk_custom_interfaces__cpp
[1.466s] [  7%] [32mBuilding C object CMakeFiles/dynamixel_sdk_custom_interfaces__rosidl_generator_c.dir/rosidl_generator_c/dynamixel_sdk_custom_interfaces/msg/detail/set_position__functions.c.o[0m
[1.467s] [ 10%] [32mBuilding C object CMakeFiles/dynamixel_sdk_custom_interfaces__rosidl_generator_c.dir/rosidl_generator_c/dynamixel_sdk_custom_interfaces/srv/detail/get_position__functions.c.o[0m
[1.470s] [ 12%] [34m[1mGenerating C++ type support dispatch for ROS interfaces[0m
[1.471s] [ 15%] [34m[1mGenerating C++ type support for eProsima Fast-RTPS[0m
[1.471s] [ 17%] [34m[1mGenerating C++ introspection for ROS interfaces[0m
[1.503s] [ 20%] [32m[1mLinking C shared library libdynamixel_sdk_custom_interfaces__rosidl_generator_c.so[0m
[1.528s] [ 20%] Built target dynamixel_sdk_custom_interfaces__rosidl_generator_c
[1.535s] [ 25%] [34m[1mGenerating C introspection for ROS interfaces[0m
[1.535s] [ 25%] [34m[1mGenerating C type support for eProsima Fast-RTPS[0m
[1.537s] [ 28%] [34m[1mGenerating C type support dispatch for ROS interfaces[0m
[1.677s] [ 30%] [32mBuilding CXX object CMakeFiles/dynamixel_sdk_custom_interfaces__rosidl_typesupport_cpp.dir/rosidl_typesupport_cpp/dynamixel_sdk_custom_interfaces/msg/set_position__type_support.cpp.o[0m
[1.680s] [ 33%] [32mBuilding CXX object CMakeFiles/dynamixel_sdk_custom_interfaces__rosidl_typesupport_cpp.dir/rosidl_typesupport_cpp/dynamixel_sdk_custom_interfaces/srv/get_position__type_support.cpp.o[0m
[1.699s] [ 35%] [32mBuilding CXX object CMakeFiles/dynamixel_sdk_custom_interfaces__rosidl_typesupport_introspection_cpp.dir/rosidl_typesupport_introspection_cpp/dynamixel_sdk_custom_interfaces/msg/detail/set_position__type_support.cpp.o[0m
[1.700s] [ 38%] [32mBuilding CXX object CMakeFiles/dynamixel_sdk_custom_interfaces__rosidl_typesupport_introspection_cpp.dir/rosidl_typesupport_introspection_cpp/dynamixel_sdk_custom_interfaces/srv/detail/get_position__type_support.cpp.o[0m
[1.719s] [ 41%] [32mBuilding CXX object CMakeFiles/dynamixel_sdk_custom_interfaces__rosidl_typesupport_fastrtps_cpp.dir/rosidl_typesupport_fastrtps_cpp/dynamixel_sdk_custom_interfaces/srv/detail/dds_fastrtps/get_position__type_support.cpp.o[0m
[1.719s] [ 43%] [32mBuilding CXX object CMakeFiles/dynamixel_sdk_custom_interfaces__rosidl_typesupport_fastrtps_cpp.dir/rosidl_typesupport_fastrtps_cpp/dynamixel_sdk_custom_interfaces/msg/detail/dds_fastrtps/set_position__type_support.cpp.o[0m
[1.781s] [ 46%] [32mBuilding C object CMakeFiles/dynamixel_sdk_custom_interfaces__rosidl_typesupport_introspection_c.dir/rosidl_typesupport_introspection_c/dynamixel_sdk_custom_interfaces/srv/detail/get_position__type_support.c.o[0m
[1.784s] [ 48%] [32mBuilding C object CMakeFiles/dynamixel_sdk_custom_interfaces__rosidl_typesupport_introspection_c.dir/rosidl_typesupport_introspection_c/dynamixel_sdk_custom_interfaces/msg/detail/set_position__type_support.c.o[0m
[1.787s] [ 53%] [32mBuilding CXX object CMakeFiles/dynamixel_sdk_custom_interfaces__rosidl_typesupport_fastrtps_c.dir/rosidl_typesupport_fastrtps_c/dynamixel_sdk_custom_interfaces/srv/detail/get_position__type_support_c.cpp.o[0m
[1.787s] [ 53%] [32mBuilding CXX object CMakeFiles/dynamixel_sdk_custom_interfaces__rosidl_typesupport_fastrtps_c.dir/rosidl_typesupport_fastrtps_c/dynamixel_sdk_custom_interfaces/msg/detail/set_position__type_support_c.cpp.o[0m
[1.808s] [ 58%] [32mBuilding CXX object CMakeFiles/dynamixel_sdk_custom_interfaces__rosidl_typesupport_c.dir/rosidl_typesupport_c/dynamixel_sdk_custom_interfaces/srv/get_position__type_support.cpp.o[0m
[1.808s] [ 58%] [32mBuilding CXX object CMakeFiles/dynamixel_sdk_custom_interfaces__rosidl_typesupport_c.dir/rosidl_typesupport_c/dynamixel_sdk_custom_interfaces/msg/set_position__type_support.cpp.o[0m
[1.824s] [ 61%] [32m[1mLinking C shared library libdynamixel_sdk_custom_interfaces__rosidl_typesupport_introspection_c.so[0m
[1.831s] [ 64%] [32m[1mLinking CXX shared library libdynamixel_sdk_custom_interfaces__rosidl_typesupport_c.so[0m
[1.850s] [ 64%] Built target dynamixel_sdk_custom_interfaces__rosidl_typesupport_introspection_c
[1.861s] [ 64%] Built target dynamixel_sdk_custom_interfaces__rosidl_typesupport_c
[1.960s] [ 66%] [32m[1mLinking CXX shared library libdynamixel_sdk_custom_interfaces__rosidl_typesupport_cpp.so[0m
[1.988s] [ 66%] Built target dynamixel_sdk_custom_interfaces__rosidl_typesupport_cpp
[2.010s] [ 69%] [32m[1mLinking CXX shared library libdynamixel_sdk_custom_interfaces__rosidl_typesupport_fastrtps_cpp.so[0m
[2.035s] [ 71%] [32m[1mLinking CXX shared library libdynamixel_sdk_custom_interfaces__rosidl_typesupport_introspection_cpp.so[0m
[2.061s] [ 71%] Built target dynamixel_sdk_custom_interfaces__rosidl_typesupport_fastrtps_cpp
[2.061s] [ 71%] Built target dynamixel_sdk_custom_interfaces__rosidl_typesupport_introspection_cpp
[2.091s] [ 74%] [32m[1mLinking CXX shared library libdynamixel_sdk_custom_interfaces__rosidl_typesupport_fastrtps_c.so[0m
[2.136s] [ 74%] Built target dynamixel_sdk_custom_interfaces__rosidl_typesupport_fastrtps_c
[2.148s] [ 74%] Built target dynamixel_sdk_custom_interfaces
[2.159s] [ 76%] [34m[1mGenerating Python code for ROS interfaces[0m
[2.477s] [ 76%] Built target dynamixel_sdk_custom_interfaces__py
[2.490s] [ 79%] [32mBuilding C object CMakeFiles/dynamixel_sdk_custom_interfaces__rosidl_generator_py.dir/rosidl_generator_py/dynamixel_sdk_custom_interfaces/msg/_set_position_s.c.o[0m
[2.490s] [ 82%] [32mBuilding C object CMakeFiles/dynamixel_sdk_custom_interfaces__rosidl_generator_py.dir/rosidl_generator_py/dynamixel_sdk_custom_interfaces/srv/_get_position_s.c.o[0m
[2.563s] [ 84%] [32m[1mLinking C shared library rosidl_generator_py/dynamixel_sdk_custom_interfaces/libdynamixel_sdk_custom_interfaces__rosidl_generator_py.so[0m
[2.591s] [ 84%] Built target dynamixel_sdk_custom_interfaces__rosidl_generator_py
[2.604s] [ 87%] [32mBuilding C object CMakeFiles/dynamixel_sdk_custom_interfaces__rosidl_typesupport_fastrtps_c__pyext.dir/rosidl_generator_py/dynamixel_sdk_custom_interfaces/_dynamixel_sdk_custom_interfaces_s.ep.rosidl_typesupport_fastrtps_c.c.o[0m
[2.605s] [ 89%] [32mBuilding C object CMakeFiles/dynamixel_sdk_custom_interfaces__rosidl_typesupport_introspection_c__pyext.dir/rosidl_generator_py/dynamixel_sdk_custom_interfaces/_dynamixel_sdk_custom_interfaces_s.ep.rosidl_typesupport_introspection_c.c.o[0m
[2.609s] [ 92%] [32mBuilding C object CMakeFiles/dynamixel_sdk_custom_interfaces__rosidl_typesupport_c__pyext.dir/rosidl_generator_py/dynamixel_sdk_custom_interfaces/_dynamixel_sdk_custom_interfaces_s.ep.rosidl_typesupport_c.c.o[0m
[2.678s] [ 94%] [32m[1mLinking C shared library rosidl_generator_py/dynamixel_sdk_custom_interfaces/dynamixel_sdk_custom_interfaces_s__rosidl_typesupport_fastrtps_c.cpython-310-x86_64-linux-gnu.so[0m
[2.683s] [ 97%] [32m[1mLinking C shared library rosidl_generator_py/dynamixel_sdk_custom_interfaces/dynamixel_sdk_custom_interfaces_s__rosidl_typesupport_c.cpython-310-x86_64-linux-gnu.so[0m
[2.704s] [ 97%] Built target dynamixel_sdk_custom_interfaces__rosidl_typesupport_fastrtps_c__pyext
[2.705s] [100%] [32m[1mLinking C shared library rosidl_generator_py/dynamixel_sdk_custom_interfaces/dynamixel_sdk_custom_interfaces_s__rosidl_typesupport_introspection_c.cpython-310-x86_64-linux-gnu.so[0m
[2.709s] [100%] Built target dynamixel_sdk_custom_interfaces__rosidl_typesupport_c__pyext
[2.730s] [100%] Built target dynamixel_sdk_custom_interfaces__rosidl_typesupport_introspection_c__pyext
[2.740s] Invoked command in '/home/kaveesh/turtlebot3_ws/build/dynamixel_sdk_custom_interfaces' returned '0': CMAKE_PREFIX_PATH=${CMAKE_PREFIX_PATH}:/home/kaveesh/turtlebot3_ws/install/turtlebot3_teleop:/home/kaveesh/turtlebot3_ws/install/turtlebot3_example:/opt/ros/humble /usr/bin/cmake --build /home/kaveesh/turtlebot3_ws/build/dynamixel_sdk_custom_interfaces -- -j24 -l24
[2.741s] Invoking command in '/home/kaveesh/turtlebot3_ws/build/dynamixel_sdk_custom_interfaces': CMAKE_PREFIX_PATH=${CMAKE_PREFIX_PATH}:/home/kaveesh/turtlebot3_ws/install/turtlebot3_teleop:/home/kaveesh/turtlebot3_ws/install/turtlebot3_example:/opt/ros/humble /usr/bin/cmake --install /home/kaveesh/turtlebot3_ws/build/dynamixel_sdk_custom_interfaces
[2.745s] -- Install configuration: ""
[2.746s] -- Execute custom install script
[2.746s] -- Symlinking: /home/kaveesh/turtlebot3_ws/install/dynamixel_sdk_custom_interfaces/share/ament_index/resource_index/rosidl_interfaces/dynamixel_sdk_custom_interfaces
[2.752s] -- Symlinking: /home/kaveesh/turtlebot3_ws/install/dynamixel_sdk_custom_interfaces/include/dynamixel_sdk_custom_interfaces/dynamixel_sdk_custom_interfaces/msg/detail/set_position__functions.h
[2.757s] -- Symlinking: /home/kaveesh/turtlebot3_ws/install/dynamixel_sdk_custom_interfaces/include/dynamixel_sdk_custom_interfaces/dynamixel_sdk_custom_interfaces/msg/detail/set_position__struct.h
[2.763s] -- Symlinking: /home/kaveesh/turtlebot3_ws/install/dynamixel_sdk_custom_interfaces/include/dynamixel_sdk_custom_interfaces/dynamixel_sdk_custom_interfaces/msg/detail/set_position__type_support.h
[2.768s] -- Symlinking: /home/kaveesh/turtlebot3_ws/install/dynamixel_sdk_custom_interfaces/include/dynamixel_sdk_custom_interfaces/dynamixel_sdk_custom_interfaces/msg/rosidl_generator_c__visibility_control.h
[2.774s] -- Symlinking: /home/kaveesh/turtlebot3_ws/install/dynamixel_sdk_custom_interfaces/include/dynamixel_sdk_custom_interfaces/dynamixel_sdk_custom_interfaces/msg/set_position.h
[2.780s] -- Symlinking: /home/kaveesh/turtlebot3_ws/install/dynamixel_sdk_custom_interfaces/include/dynamixel_sdk_custom_interfaces/dynamixel_sdk_custom_interfaces/srv/detail/get_position__functions.h
[2.789s] -- Symlinking: /home/kaveesh/turtlebot3_ws/install/dynamixel_sdk_custom_interfaces/include/dynamixel_sdk_custom_interfaces/dynamixel_sdk_custom_interfaces/srv/detail/get_position__struct.h
[2.799s] -- Symlinking: /home/kaveesh/turtlebot3_ws/install/dynamixel_sdk_custom_interfaces/include/dynamixel_sdk_custom_interfaces/dynamixel_sdk_custom_interfaces/srv/detail/get_position__type_support.h
[2.809s] -- Symlinking: /home/kaveesh/turtlebot3_ws/install/dynamixel_sdk_custom_interfaces/include/dynamixel_sdk_custom_interfaces/dynamixel_sdk_custom_interfaces/srv/get_position.h
[2.819s] -- Symlinking: /home/kaveesh/turtlebot3_ws/install/dynamixel_sdk_custom_interfaces/share/dynamixel_sdk_custom_interfaces/environment/library_path.sh
[2.830s] -- Symlinking: /home/kaveesh/turtlebot3_ws/install/dynamixel_sdk_custom_interfaces/share/dynamixel_sdk_custom_interfaces/environment/library_path.dsv
[2.841s] -- Symlinking: /home/kaveesh/turtlebot3_ws/install/dynamixel_sdk_custom_interfaces/include/dynamixel_sdk_custom_interfaces/dynamixel_sdk_custom_interfaces/msg/detail/set_position__rosidl_typesupport_fastrtps_c.h
[2.850s] -- Symlinking: /home/kaveesh/turtlebot3_ws/install/dynamixel_sdk_custom_interfaces/include/dynamixel_sdk_custom_interfaces/dynamixel_sdk_custom_interfaces/msg/rosidl_typesupport_fastrtps_c__visibility_control.h
[2.860s] -- Symlinking: /home/kaveesh/turtlebot3_ws/install/dynamixel_sdk_custom_interfaces/include/dynamixel_sdk_custom_interfaces/dynamixel_sdk_custom_interfaces/srv/detail/get_position__rosidl_typesupport_fastrtps_c.h
[2.871s] -- Symlinking: /home/kaveesh/turtlebot3_ws/install/dynamixel_sdk_custom_interfaces/include/dynamixel_sdk_custom_interfaces/dynamixel_sdk_custom_interfaces/msg/detail/set_position__builder.hpp
[2.882s] -- Symlinking: /home/kaveesh/turtlebot3_ws/install/dynamixel_sdk_custom_interfaces/include/dynamixel_sdk_custom_interfaces/dynamixel_sdk_custom_interfaces/msg/detail/set_position__struct.hpp
[2.891s] -- Symlinking: /home/kaveesh/turtlebot3_ws/install/dynamixel_sdk_custom_interfaces/include/dynamixel_sdk_custom_interfaces/dynamixel_sdk_custom_interfaces/msg/detail/set_position__traits.hpp
[2.901s] -- Symlinking: /home/kaveesh/turtlebot3_ws/install/dynamixel_sdk_custom_interfaces/include/dynamixel_sdk_custom_interfaces/dynamixel_sdk_custom_interfaces/msg/detail/set_position__type_support.hpp
[2.909s] -- Symlinking: /home/kaveesh/turtlebot3_ws/install/dynamixel_sdk_custom_interfaces/include/dynamixel_sdk_custom_interfaces/dynamixel_sdk_custom_interfaces/msg/rosidl_generator_cpp__visibility_control.hpp
[2.919s] -- Symlinking: /home/kaveesh/turtlebot3_ws/install/dynamixel_sdk_custom_interfaces/include/dynamixel_sdk_custom_interfaces/dynamixel_sdk_custom_interfaces/msg/set_position.hpp
[2.929s] -- Symlinking: /home/kaveesh/turtlebot3_ws/install/dynamixel_sdk_custom_interfaces/include/dynamixel_sdk_custom_interfaces/dynamixel_sdk_custom_interfaces/srv/detail/get_position__builder.hpp
[2.941s] -- Symlinking: /home/kaveesh/turtlebot3_ws/install/dynamixel_sdk_custom_interfaces/include/dynamixel_sdk_custom_interfaces/dynamixel_sdk_custom_interfaces/srv/detail/get_position__struct.hpp
[2.952s] -- Symlinking: /home/kaveesh/turtlebot3_ws/install/dynamixel_sdk_custom_interfaces/include/dynamixel_sdk_custom_interfaces/dynamixel_sdk_custom_interfaces/srv/detail/get_position__traits.hpp
[2.962s] -- Symlinking: /home/kaveesh/turtlebot3_ws/install/dynamixel_sdk_custom_interfaces/include/dynamixel_sdk_custom_interfaces/dynamixel_sdk_custom_interfaces/srv/detail/get_position__type_support.hpp
[2.971s] -- Symlinking: /home/kaveesh/turtlebot3_ws/install/dynamixel_sdk_custom_interfaces/include/dynamixel_sdk_custom_interfaces/dynamixel_sdk_custom_interfaces/srv/get_position.hpp
[2.982s] -- Symlinking: /home/kaveesh/turtlebot3_ws/install/dynamixel_sdk_custom_interfaces/include/dynamixel_sdk_custom_interfaces/dynamixel_sdk_custom_interfaces/msg/detail/set_position__rosidl_typesupport_fastrtps_cpp.hpp
[2.992s] -- Symlinking: /home/kaveesh/turtlebot3_ws/install/dynamixel_sdk_custom_interfaces/include/dynamixel_sdk_custom_interfaces/dynamixel_sdk_custom_interfaces/msg/rosidl_typesupport_fastrtps_cpp__visibility_control.h
[3.001s] -- Symlinking: /home/kaveesh/turtlebot3_ws/install/dynamixel_sdk_custom_interfaces/include/dynamixel_sdk_custom_interfaces/dynamixel_sdk_custom_interfaces/srv/detail/get_position__rosidl_typesupport_fastrtps_cpp.hpp
[3.011s] -- Symlinking: /home/kaveesh/turtlebot3_ws/install/dynamixel_sdk_custom_interfaces/include/dynamixel_sdk_custom_interfaces/dynamixel_sdk_custom_interfaces/msg/detail/set_position__rosidl_typesupport_introspection_c.h
[3.023s] -- Symlinking: /home/kaveesh/turtlebot3_ws/install/dynamixel_sdk_custom_interfaces/include/dynamixel_sdk_custom_interfaces/dynamixel_sdk_custom_interfaces/msg/rosidl_typesupport_introspection_c__visibility_control.h
[3.031s] -- Symlinking: /home/kaveesh/turtlebot3_ws/install/dynamixel_sdk_custom_interfaces/include/dynamixel_sdk_custom_interfaces/dynamixel_sdk_custom_interfaces/srv/detail/get_position__rosidl_typesupport_introspection_c.h
[3.042s] -- Symlinking: /home/kaveesh/turtlebot3_ws/install/dynamixel_sdk_custom_interfaces/include/dynamixel_sdk_custom_interfaces/dynamixel_sdk_custom_interfaces/msg/detail/set_position__rosidl_typesupport_introspection_cpp.hpp
[3.051s] -- Symlinking: /home/kaveesh/turtlebot3_ws/install/dynamixel_sdk_custom_interfaces/include/dynamixel_sdk_custom_interfaces/dynamixel_sdk_custom_interfaces/srv/detail/get_position__rosidl_typesupport_introspection_cpp.hpp
[3.061s] -- Symlinking: /home/kaveesh/turtlebot3_ws/install/dynamixel_sdk_custom_interfaces/share/dynamixel_sdk_custom_interfaces/environment/pythonpath.sh
[3.071s] -- Symlinking: /home/kaveesh/turtlebot3_ws/install/dynamixel_sdk_custom_interfaces/share/dynamixel_sdk_custom_interfaces/environment/pythonpath.dsv
[3.081s] -- Symlinking: /home/kaveesh/turtlebot3_ws/install/dynamixel_sdk_custom_interfaces/local/lib/python3.10/dist-packages/dynamixel_sdk_custom_interfaces-3.8.4-py3.10.egg-info/PKG-INFO
[3.091s] -- Symlinking: /home/kaveesh/turtlebot3_ws/install/dynamixel_sdk_custom_interfaces/local/lib/python3.10/dist-packages/dynamixel_sdk_custom_interfaces-3.8.4-py3.10.egg-info/SOURCES.txt
[3.102s] -- Symlinking: /home/kaveesh/turtlebot3_ws/install/dynamixel_sdk_custom_interfaces/local/lib/python3.10/dist-packages/dynamixel_sdk_custom_interfaces-3.8.4-py3.10.egg-info/dependency_links.txt
[3.112s] -- Symlinking: /home/kaveesh/turtlebot3_ws/install/dynamixel_sdk_custom_interfaces/local/lib/python3.10/dist-packages/dynamixel_sdk_custom_interfaces-3.8.4-py3.10.egg-info/top_level.txt
[3.122s] -- Symlinking: /home/kaveesh/turtlebot3_ws/install/dynamixel_sdk_custom_interfaces/local/lib/python3.10/dist-packages/dynamixel_sdk_custom_interfaces/__init__.py
[3.133s] -- Symlinking: /home/kaveesh/turtlebot3_ws/install/dynamixel_sdk_custom_interfaces/local/lib/python3.10/dist-packages/dynamixel_sdk_custom_interfaces/_dynamixel_sdk_custom_interfaces_s.ep.rosidl_typesupport_c.c
[3.143s] -- Symlinking: /home/kaveesh/turtlebot3_ws/install/dynamixel_sdk_custom_interfaces/local/lib/python3.10/dist-packages/dynamixel_sdk_custom_interfaces/_dynamixel_sdk_custom_interfaces_s.ep.rosidl_typesupport_fastrtps_c.c
[3.153s] -- Symlinking: /home/kaveesh/turtlebot3_ws/install/dynamixel_sdk_custom_interfaces/local/lib/python3.10/dist-packages/dynamixel_sdk_custom_interfaces/_dynamixel_sdk_custom_interfaces_s.ep.rosidl_typesupport_introspection_c.c
[3.164s] -- Symlinking: /home/kaveesh/turtlebot3_ws/install/dynamixel_sdk_custom_interfaces/local/lib/python3.10/dist-packages/dynamixel_sdk_custom_interfaces/dynamixel_sdk_custom_interfaces_s__rosidl_typesupport_c.cpython-310-x86_64-linux-gnu.so
[3.173s] -- Symlinking: /home/kaveesh/turtlebot3_ws/install/dynamixel_sdk_custom_interfaces/local/lib/python3.10/dist-packages/dynamixel_sdk_custom_interfaces/dynamixel_sdk_custom_interfaces_s__rosidl_typesupport_fastrtps_c.cpython-310-x86_64-linux-gnu.so
[3.182s] -- Symlinking: /home/kaveesh/turtlebot3_ws/install/dynamixel_sdk_custom_interfaces/local/lib/python3.10/dist-packages/dynamixel_sdk_custom_interfaces/dynamixel_sdk_custom_interfaces_s__rosidl_typesupport_introspection_c.cpython-310-x86_64-linux-gnu.so
[3.192s] -- Symlinking: /home/kaveesh/turtlebot3_ws/install/dynamixel_sdk_custom_interfaces/local/lib/python3.10/dist-packages/dynamixel_sdk_custom_interfaces/libdynamixel_sdk_custom_interfaces__rosidl_generator_py.so
[3.203s] -- Symlinking: /home/kaveesh/turtlebot3_ws/install/dynamixel_sdk_custom_interfaces/local/lib/python3.10/dist-packages/dynamixel_sdk_custom_interfaces/msg/__init__.py
[3.218s] -- Symlinking: /home/kaveesh/turtlebot3_ws/install/dynamixel_sdk_custom_interfaces/local/lib/python3.10/dist-packages/dynamixel_sdk_custom_interfaces/msg/_set_position.py
[3.230s] -- Symlinking: /home/kaveesh/turtlebot3_ws/install/dynamixel_sdk_custom_interfaces/local/lib/python3.10/dist-packages/dynamixel_sdk_custom_interfaces/msg/_set_position_s.c
[3.240s] -- Symlinking: /home/kaveesh/turtlebot3_ws/install/dynamixel_sdk_custom_interfaces/local/lib/python3.10/dist-packages/dynamixel_sdk_custom_interfaces/srv/__init__.py
[3.250s] -- Symlinking: /home/kaveesh/turtlebot3_ws/install/dynamixel_sdk_custom_interfaces/local/lib/python3.10/dist-packages/dynamixel_sdk_custom_interfaces/srv/_get_position.py
[3.259s] -- Symlinking: /home/kaveesh/turtlebot3_ws/install/dynamixel_sdk_custom_interfaces/local/lib/python3.10/dist-packages/dynamixel_sdk_custom_interfaces/srv/_get_position_s.c
[3.269s] -- Up-to-date symlink: /home/kaveesh/turtlebot3_ws/install/dynamixel_sdk_custom_interfaces/local/lib/python3.10/dist-packages/dynamixel_sdk_custom_interfaces/dynamixel_sdk_custom_interfaces_s__rosidl_typesupport_fastrtps_c.cpython-310-x86_64-linux-gnu.so
[3.269s] -- Up-to-date symlink: /home/kaveesh/turtlebot3_ws/install/dynamixel_sdk_custom_interfaces/local/lib/python3.10/dist-packages/dynamixel_sdk_custom_interfaces/dynamixel_sdk_custom_interfaces_s__rosidl_typesupport_introspection_c.cpython-310-x86_64-linux-gnu.so
[3.269s] -- Up-to-date symlink: /home/kaveesh/turtlebot3_ws/install/dynamixel_sdk_custom_interfaces/local/lib/python3.10/dist-packages/dynamixel_sdk_custom_interfaces/dynamixel_sdk_custom_interfaces_s__rosidl_typesupport_c.cpython-310-x86_64-linux-gnu.so
[3.269s] -- Symlinking: /home/kaveesh/turtlebot3_ws/install/dynamixel_sdk_custom_interfaces/share/dynamixel_sdk_custom_interfaces/msg/SetPosition.idl
[3.279s] -- Symlinking: /home/kaveesh/turtlebot3_ws/install/dynamixel_sdk_custom_interfaces/share/dynamixel_sdk_custom_interfaces/srv/GetPosition.idl
[3.289s] -- Symlinking: /home/kaveesh/turtlebot3_ws/install/dynamixel_sdk_custom_interfaces/share/dynamixel_sdk_custom_interfaces/msg/SetPosition.msg
[3.300s] -- Symlinking: /home/kaveesh/turtlebot3_ws/install/dynamixel_sdk_custom_interfaces/share/dynamixel_sdk_custom_interfaces/srv/GetPosition.srv
[3.312s] -- Symlinking: /home/kaveesh/turtlebot3_ws/install/dynamixel_sdk_custom_interfaces/share/dynamixel_sdk_custom_interfaces/srv/GetPosition_Request.msg
[3.321s] -- Symlinking: /home/kaveesh/turtlebot3_ws/install/dynamixel_sdk_custom_interfaces/share/dynamixel_sdk_custom_interfaces/srv/GetPosition_Response.msg
[3.332s] -- Symlinking: /home/kaveesh/turtlebot3_ws/install/dynamixel_sdk_custom_interfaces/share/ament_index/resource_index/package_run_dependencies/dynamixel_sdk_custom_interfaces
[3.341s] -- Symlinking: /home/kaveesh/turtlebot3_ws/install/dynamixel_sdk_custom_interfaces/share/ament_index/resource_index/parent_prefix_path/dynamixel_sdk_custom_interfaces
[3.351s] -- Symlinking: /home/kaveesh/turtlebot3_ws/install/dynamixel_sdk_custom_interfaces/share/dynamixel_sdk_custom_interfaces/environment/ament_prefix_path.sh
[3.361s] -- Symlinking: /home/kaveesh/turtlebot3_ws/install/dynamixel_sdk_custom_interfaces/share/dynamixel_sdk_custom_interfaces/environment/ament_prefix_path.dsv
[3.371s] -- Symlinking: /home/kaveesh/turtlebot3_ws/install/dynamixel_sdk_custom_interfaces/share/dynamixel_sdk_custom_interfaces/environment/path.sh
[3.381s] -- Symlinking: /home/kaveesh/turtlebot3_ws/install/dynamixel_sdk_custom_interfaces/share/dynamixel_sdk_custom_interfaces/environment/path.dsv
[3.391s] -- Symlinking: /home/kaveesh/turtlebot3_ws/install/dynamixel_sdk_custom_interfaces/share/dynamixel_sdk_custom_interfaces/local_setup.bash
[3.400s] -- Symlinking: /home/kaveesh/turtlebot3_ws/install/dynamixel_sdk_custom_interfaces/share/dynamixel_sdk_custom_interfaces/local_setup.sh
[3.411s] -- Symlinking: /home/kaveesh/turtlebot3_ws/install/dynamixel_sdk_custom_interfaces/share/dynamixel_sdk_custom_interfaces/local_setup.zsh
[3.420s] -- Symlinking: /home/kaveesh/turtlebot3_ws/install/dynamixel_sdk_custom_interfaces/share/dynamixel_sdk_custom_interfaces/local_setup.dsv
[3.430s] -- Symlinking: /home/kaveesh/turtlebot3_ws/install/dynamixel_sdk_custom_interfaces/share/dynamixel_sdk_custom_interfaces/package.dsv
[3.441s] -- Symlinking: /home/kaveesh/turtlebot3_ws/install/dynamixel_sdk_custom_interfaces/share/ament_index/resource_index/packages/dynamixel_sdk_custom_interfaces
[3.452s] -- Symlinking: /home/kaveesh/turtlebot3_ws/install/dynamixel_sdk_custom_interfaces/share/dynamixel_sdk_custom_interfaces/cmake/rosidl_cmake-extras.cmake
[3.459s] -- Symlinking: /home/kaveesh/turtlebot3_ws/install/dynamixel_sdk_custom_interfaces/share/dynamixel_sdk_custom_interfaces/cmake/ament_cmake_export_dependencies-extras.cmake
[3.466s] -- Symlinking: /home/kaveesh/turtlebot3_ws/install/dynamixel_sdk_custom_interfaces/share/dynamixel_sdk_custom_interfaces/cmake/ament_cmake_export_include_directories-extras.cmake
[3.472s] -- Symlinking: /home/kaveesh/turtlebot3_ws/install/dynamixel_sdk_custom_interfaces/share/dynamixel_sdk_custom_interfaces/cmake/ament_cmake_export_libraries-extras.cmake
[3.479s] -- Symlinking: /home/kaveesh/turtlebot3_ws/install/dynamixel_sdk_custom_interfaces/share/dynamixel_sdk_custom_interfaces/cmake/ament_cmake_export_targets-extras.cmake
[3.486s] -- Symlinking: /home/kaveesh/turtlebot3_ws/install/dynamixel_sdk_custom_interfaces/share/dynamixel_sdk_custom_interfaces/cmake/rosidl_cmake_export_typesupport_targets-extras.cmake
[3.493s] -- Symlinking: /home/kaveesh/turtlebot3_ws/install/dynamixel_sdk_custom_interfaces/share/dynamixel_sdk_custom_interfaces/cmake/rosidl_cmake_export_typesupport_libraries-extras.cmake
[3.499s] -- Symlinking: /home/kaveesh/turtlebot3_ws/install/dynamixel_sdk_custom_interfaces/share/dynamixel_sdk_custom_interfaces/cmake/dynamixel_sdk_custom_interfacesConfig.cmake
[3.506s] -- Symlinking: /home/kaveesh/turtlebot3_ws/install/dynamixel_sdk_custom_interfaces/share/dynamixel_sdk_custom_interfaces/cmake/dynamixel_sdk_custom_interfacesConfig-version.cmake
[3.513s] -- Symlinking: /home/kaveesh/turtlebot3_ws/install/dynamixel_sdk_custom_interfaces/share/dynamixel_sdk_custom_interfaces/package.xml
[3.519s] -- Installing: /home/kaveesh/turtlebot3_ws/install/dynamixel_sdk_custom_interfaces/lib/libdynamixel_sdk_custom_interfaces__rosidl_generator_c.so
[3.519s] -- Set runtime path of "/home/kaveesh/turtlebot3_ws/install/dynamixel_sdk_custom_interfaces/lib/libdynamixel_sdk_custom_interfaces__rosidl_generator_c.so" to ""
[3.520s] -- Installing: /home/kaveesh/turtlebot3_ws/install/dynamixel_sdk_custom_interfaces/lib/libdynamixel_sdk_custom_interfaces__rosidl_typesupport_fastrtps_c.so
[3.520s] -- Set runtime path of "/home/kaveesh/turtlebot3_ws/install/dynamixel_sdk_custom_interfaces/lib/libdynamixel_sdk_custom_interfaces__rosidl_typesupport_fastrtps_c.so" to ""
[3.520s] -- Installing: /home/kaveesh/turtlebot3_ws/install/dynamixel_sdk_custom_interfaces/lib/libdynamixel_sdk_custom_interfaces__rosidl_typesupport_fastrtps_cpp.so
[3.520s] -- Set runtime path of "/home/kaveesh/turtlebot3_ws/install/dynamixel_sdk_custom_interfaces/lib/libdynamixel_sdk_custom_interfaces__rosidl_typesupport_fastrtps_cpp.so" to ""
[3.520s] -- Installing: /home/kaveesh/turtlebot3_ws/install/dynamixel_sdk_custom_interfaces/lib/libdynamixel_sdk_custom_interfaces__rosidl_typesupport_introspection_c.so
[3.521s] -- Set runtime path of "/home/kaveesh/turtlebot3_ws/install/dynamixel_sdk_custom_interfaces/lib/libdynamixel_sdk_custom_interfaces__rosidl_typesupport_introspection_c.so" to ""
[3.521s] -- Installing: /home/kaveesh/turtlebot3_ws/install/dynamixel_sdk_custom_interfaces/lib/libdynamixel_sdk_custom_interfaces__rosidl_typesupport_c.so
[3.521s] -- Set runtime path of "/home/kaveesh/turtlebot3_ws/install/dynamixel_sdk_custom_interfaces/lib/libdynamixel_sdk_custom_interfaces__rosidl_typesupport_c.so" to ""
[3.521s] -- Installing: /home/kaveesh/turtlebot3_ws/install/dynamixel_sdk_custom_interfaces/lib/libdynamixel_sdk_custom_interfaces__rosidl_typesupport_introspection_cpp.so
[3.521s] -- Set runtime path of "/home/kaveesh/turtlebot3_ws/install/dynamixel_sdk_custom_interfaces/lib/libdynamixel_sdk_custom_interfaces__rosidl_typesupport_introspection_cpp.so" to ""
[3.521s] -- Installing: /home/kaveesh/turtlebot3_ws/install/dynamixel_sdk_custom_interfaces/lib/libdynamixel_sdk_custom_interfaces__rosidl_typesupport_cpp.so
[3.522s] -- Set runtime path of "/home/kaveesh/turtlebot3_ws/install/dynamixel_sdk_custom_interfaces/lib/libdynamixel_sdk_custom_interfaces__rosidl_typesupport_cpp.so" to ""
[3.556s] Listing '/home/kaveesh/turtlebot3_ws/install/dynamixel_sdk_custom_interfaces/local/lib/python3.10/dist-packages/dynamixel_sdk_custom_interfaces'...
[3.556s] Compiling '/home/kaveesh/turtlebot3_ws/install/dynamixel_sdk_custom_interfaces/local/lib/python3.10/dist-packages/dynamixel_sdk_custom_interfaces/__init__.py'...
[3.556s] Listing '/home/kaveesh/turtlebot3_ws/install/dynamixel_sdk_custom_interfaces/local/lib/python3.10/dist-packages/dynamixel_sdk_custom_interfaces/msg'...
[3.556s] Compiling '/home/kaveesh/turtlebot3_ws/install/dynamixel_sdk_custom_interfaces/local/lib/python3.10/dist-packages/dynamixel_sdk_custom_interfaces/msg/__init__.py'...
[3.556s] Compiling '/home/kaveesh/turtlebot3_ws/install/dynamixel_sdk_custom_interfaces/local/lib/python3.10/dist-packages/dynamixel_sdk_custom_interfaces/msg/_set_position.py'...
[3.556s] Listing '/home/kaveesh/turtlebot3_ws/install/dynamixel_sdk_custom_interfaces/local/lib/python3.10/dist-packages/dynamixel_sdk_custom_interfaces/srv'...
[3.556s] Compiling '/home/kaveesh/turtlebot3_ws/install/dynamixel_sdk_custom_interfaces/local/lib/python3.10/dist-packages/dynamixel_sdk_custom_interfaces/srv/__init__.py'...
[3.556s] Compiling '/home/kaveesh/turtlebot3_ws/install/dynamixel_sdk_custom_interfaces/local/lib/python3.10/dist-packages/dynamixel_sdk_custom_interfaces/srv/_get_position.py'...
[3.560s] -- Installing: /home/kaveesh/turtlebot3_ws/install/dynamixel_sdk_custom_interfaces/lib/libdynamixel_sdk_custom_interfaces__rosidl_generator_py.so
[3.560s] -- Set runtime path of "/home/kaveesh/turtlebot3_ws/install/dynamixel_sdk_custom_interfaces/lib/libdynamixel_sdk_custom_interfaces__rosidl_generator_py.so" to ""
[3.561s] -- Installing: /home/kaveesh/turtlebot3_ws/install/dynamixel_sdk_custom_interfaces/share/dynamixel_sdk_custom_interfaces/cmake/export_dynamixel_sdk_custom_interfaces__rosidl_generator_cExport.cmake
[3.561s] -- Installing: /home/kaveesh/turtlebot3_ws/install/dynamixel_sdk_custom_interfaces/share/dynamixel_sdk_custom_interfaces/cmake/export_dynamixel_sdk_custom_interfaces__rosidl_generator_cExport-noconfig.cmake
[3.561s] -- Installing: /home/kaveesh/turtlebot3_ws/install/dynamixel_sdk_custom_interfaces/share/dynamixel_sdk_custom_interfaces/cmake/export_dynamixel_sdk_custom_interfaces__rosidl_typesupport_fastrtps_cExport.cmake
[3.561s] -- Installing: /home/kaveesh/turtlebot3_ws/install/dynamixel_sdk_custom_interfaces/share/dynamixel_sdk_custom_interfaces/cmake/export_dynamixel_sdk_custom_interfaces__rosidl_typesupport_fastrtps_cExport-noconfig.cmake
[3.561s] -- Installing: /home/kaveesh/turtlebot3_ws/install/dynamixel_sdk_custom_interfaces/share/dynamixel_sdk_custom_interfaces/cmake/export_dynamixel_sdk_custom_interfaces__rosidl_generator_cppExport.cmake
[3.562s] -- Installing: /home/kaveesh/turtlebot3_ws/install/dynamixel_sdk_custom_interfaces/share/dynamixel_sdk_custom_interfaces/cmake/export_dynamixel_sdk_custom_interfaces__rosidl_typesupport_fastrtps_cppExport.cmake
[3.562s] -- Installing: /home/kaveesh/turtlebot3_ws/install/dynamixel_sdk_custom_interfaces/share/dynamixel_sdk_custom_interfaces/cmake/export_dynamixel_sdk_custom_interfaces__rosidl_typesupport_fastrtps_cppExport-noconfig.cmake
[3.562s] -- Installing: /home/kaveesh/turtlebot3_ws/install/dynamixel_sdk_custom_interfaces/share/dynamixel_sdk_custom_interfaces/cmake/dynamixel_sdk_custom_interfaces__rosidl_typesupport_introspection_cExport.cmake
[3.562s] -- Installing: /home/kaveesh/turtlebot3_ws/install/dynamixel_sdk_custom_interfaces/share/dynamixel_sdk_custom_interfaces/cmake/dynamixel_sdk_custom_interfaces__rosidl_typesupport_introspection_cExport-noconfig.cmake
[3.562s] -- Installing: /home/kaveesh/turtlebot3_ws/install/dynamixel_sdk_custom_interfaces/share/dynamixel_sdk_custom_interfaces/cmake/dynamixel_sdk_custom_interfaces__rosidl_typesupport_cExport.cmake
[3.562s] -- Installing: /home/kaveesh/turtlebot3_ws/install/dynamixel_sdk_custom_interfaces/share/dynamixel_sdk_custom_interfaces/cmake/dynamixel_sdk_custom_interfaces__rosidl_typesupport_cExport-noconfig.cmake
[3.563s] -- Installing: /home/kaveesh/turtlebot3_ws/install/dynamixel_sdk_custom_interfaces/share/dynamixel_sdk_custom_interfaces/cmake/dynamixel_sdk_custom_interfaces__rosidl_typesupport_introspection_cppExport.cmake
[3.563s] -- Installing: /home/kaveesh/turtlebot3_ws/install/dynamixel_sdk_custom_interfaces/share/dynamixel_sdk_custom_interfaces/cmake/dynamixel_sdk_custom_interfaces__rosidl_typesupport_introspection_cppExport-noconfig.cmake
[3.563s] -- Installing: /home/kaveesh/turtlebot3_ws/install/dynamixel_sdk_custom_interfaces/share/dynamixel_sdk_custom_interfaces/cmake/dynamixel_sdk_custom_interfaces__rosidl_typesupport_cppExport.cmake
[3.563s] -- Installing: /home/kaveesh/turtlebot3_ws/install/dynamixel_sdk_custom_interfaces/share/dynamixel_sdk_custom_interfaces/cmake/dynamixel_sdk_custom_interfaces__rosidl_typesupport_cppExport-noconfig.cmake
[3.563s] -- Installing: /home/kaveesh/turtlebot3_ws/install/dynamixel_sdk_custom_interfaces/share/dynamixel_sdk_custom_interfaces/cmake/export_dynamixel_sdk_custom_interfaces__rosidl_generator_pyExport.cmake
[3.563s] -- Installing: /home/kaveesh/turtlebot3_ws/install/dynamixel_sdk_custom_interfaces/share/dynamixel_sdk_custom_interfaces/cmake/export_dynamixel_sdk_custom_interfaces__rosidl_generator_pyExport-noconfig.cmake
[3.566s] Invoked command in '/home/kaveesh/turtlebot3_ws/build/dynamixel_sdk_custom_interfaces' returned '0': CMAKE_PREFIX_PATH=${CMAKE_PREFIX_PATH}:/home/kaveesh/turtlebot3_ws/install/turtlebot3_teleop:/home/kaveesh/turtlebot3_ws/install/turtlebot3_example:/opt/ros/humble /usr/bin/cmake --install /home/kaveesh/turtlebot3_ws/build/dynamixel_sdk_custom_interfaces
