[0.009s] Invoking command in '/home/kaveesh/turtlebot3_ws/build/dynamixel_sdk_examples': CMAKE_PREFIX_PATH=/home/kaveesh/turtlebot3_ws/install/dynamixel_sdk_custom_interfaces:/home/kaveesh/turtlebot3_ws/install/dynamixel_sdk:/home/kaveesh/turtlebot3_ws/install/turtlebot3:/home/kaveesh/turtlebot3_ws/install/turtlebot3_simulations:/home/kaveesh/turtlebot3_ws/install/turtlebot3_bringup:/home/kaveesh/turtlebot3_ws/install/turtlebot3_node:/home/kaveesh/turtlebot3_ws/install/turtlebot3_navigation2:/home/kaveesh/turtlebot3_ws/install/turtlebot3_fake_node:/home/kaveesh/turtlebot3_ws/install/turtlebot3_msgs:/home/kaveesh/turtlebot3_ws/install/turtlebot3_manipulation_gazebo:/home/kaveesh/turtlebot3_ws/install/turtlebot3_gazebo:/home/kaveesh/turtlebot3_ws/install/turtlebot3_description:/home/kaveesh/turtlebot3_ws/install/turtlebot3_cartographer:/home/kaveesh/turtlebot3_ws/install/dynamixel_sdk_examples:/home/kaveesh/turtlebot3_ws/install/turtlebot3_teleop:/home/kaveesh/turtlebot3_ws/install/turtlebot3_example:/opt/ros/humble LD_LIBRARY_PATH=/home/kaveesh/turtlebot3_ws/install/dynamixel_sdk_custom_interfaces/lib:/home/kaveesh/turtlebot3_ws/install/dynamixel_sdk/lib:/home/kaveesh/turtlebot3_ws/install/turtlebot3_msgs/lib:/usr/lib/x86_64-linux-gnu/gazebo-11/plugins:/opt/ros/humble/opt/rviz_ogre_vendor/lib:/opt/ros/humble/lib/x86_64-linux-gnu:/opt/ros/humble/lib:/usr/lib/x86_64-linux-gnu/gazebo-11/plugins:/usr/lib/x86_64-linux-gnu/gazebo-11/plugins:/usr/lib/x86_64-linux-gnu/gazebo-11/plugins /usr/bin/cmake /home/kaveesh/turtlebot3_ws/src/DynamixelSDK/ros/dynamixel_sdk_examples -DAMENT_CMAKE_SYMLINK_INSTALL=1 -DCMAKE_INSTALL_PREFIX=/home/kaveesh/turtlebot3_ws/install/dynamixel_sdk_examples
[0.047s] -- The C compiler identification is GNU 11.4.0
[0.081s] -- The CXX compiler identification is GNU 11.4.0
[0.086s] -- Detecting C compiler ABI info
[0.126s] -- Detecting C compiler ABI info - done
[0.131s] -- Check for working C compiler: /usr/bin/cc - skipped
[0.131s] -- Detecting C compile features
[0.131s] -- Detecting C compile features - done
[0.133s] -- Detecting CXX compiler ABI info
[0.179s] -- Detecting CXX compiler ABI info - done
[0.184s] -- Check for working CXX compiler: /usr/bin/c++ - skipped
[0.184s] -- Detecting CXX compile features
[0.184s] -- Detecting CXX compile features - done
[0.186s] -- Found ament_cmake: 1.3.12 (/opt/ros/humble/share/ament_cmake/cmake)
[0.285s] -- Found Python3: /usr/bin/python3 (found version "3.10.12") found components: Interpreter 
[0.326s] -- Override CMake install command with custom implementation using symlinks instead of copying resources
[0.344s] -- Found dynamixel_sdk: 3.8.4 (/home/kaveesh/turtlebot3_ws/install/dynamixel_sdk/share/dynamixel_sdk/cmake)
[0.345s] -- Found dynamixel_sdk_custom_interfaces: 3.8.4 (/home/kaveesh/turtlebot3_ws/install/dynamixel_sdk_custom_interfaces/share/dynamixel_sdk_custom_interfaces/cmake)
[0.370s] -- Found rosidl_generator_c: 3.1.7 (/opt/ros/humble/share/rosidl_generator_c/cmake)
[0.373s] -- Found rosidl_adapter: 3.1.7 (/opt/ros/humble/share/rosidl_adapter/cmake)
[0.379s] -- Found rosidl_generator_cpp: 3.1.7 (/opt/ros/humble/share/rosidl_generator_cpp/cmake)
[0.387s] -- Using all available rosidl_typesupport_c: rosidl_typesupport_fastrtps_c;rosidl_typesupport_introspection_c
[0.398s] -- Using all available rosidl_typesupport_cpp: rosidl_typesupport_fastrtps_cpp;rosidl_typesupport_introspection_cpp
[0.416s] -- Found rclcpp: 16.0.15 (/opt/ros/humble/share/rclcpp/cmake)
[0.442s] -- Found rmw_implementation_cmake: 6.1.2 (/opt/ros/humble/share/rmw_implementation_cmake/cmake)
[0.444s] -- Found rmw_fastrtps_cpp: 6.2.9 (/opt/ros/humble/share/rmw_fastrtps_cpp/cmake)
[0.494s] -- Found OpenSSL: /usr/lib/x86_64-linux-gnu/libcrypto.so (found version "3.0.2")  
[0.513s] -- Found FastRTPS: /opt/ros/humble/include  
[0.540s] -- Using RMW implementation 'rmw_fastrtps_cpp' as default
[0.546s] -- Looking for pthread.h
[0.587s] -- Looking for pthread.h - found
[0.587s] -- Performing Test CMAKE_HAVE_LIBC_PTHREAD
[0.628s] -- Performing Test CMAKE_HAVE_LIBC_PTHREAD - Success
[0.629s] -- Found Threads: TRUE  
[0.663s] -- Found rclpy: 3.3.17 (/opt/ros/humble/share/rclpy/cmake)
[0.665s] -- Found ament_lint_auto: 0.12.14 (/opt/ros/humble/share/ament_lint_auto/cmake)
[0.720s] -- Added test 'copyright' to check source files copyright and LICENSE
[0.720s] -- Added test 'cppcheck' to perform static code analysis on C / C++ code
[0.720s] -- Configured cppcheck include dirs: /home/kaveesh/turtlebot3_ws/src/DynamixelSDK/ros/dynamixel_sdk_examples/include
[0.720s] -- Configured cppcheck exclude dirs and/or files: 
[0.721s] -- Added test 'cpplint' to check C / C++ code against the Google style
[0.721s] -- Configured cpplint exclude dirs and/or files: 
[0.721s] -- Added test 'flake8' to check Python code syntax and style conventions
[0.722s] -- Added test 'lint_cmake' to check CMake code style
[0.722s] -- Added test 'pep257' to check Python code against some of the docstring style conventions in PEP 257
[0.723s] -- Added test 'uncrustify' to check C / C++ code style
[0.723s] -- Configured uncrustify additional arguments: 
[0.723s] -- Added test 'xmllint' to check XML markup files
[0.724s] -- Configuring done
[0.729s] -- Generating done
[0.731s] -- Build files have been written to: /home/kaveesh/turtlebot3_ws/build/dynamixel_sdk_examples
[0.738s] Invoked command in '/home/kaveesh/turtlebot3_ws/build/dynamixel_sdk_examples' returned '0': CMAKE_PREFIX_PATH=/home/kaveesh/turtlebot3_ws/install/dynamixel_sdk_custom_interfaces:/home/kaveesh/turtlebot3_ws/install/dynamixel_sdk:/home/kaveesh/turtlebot3_ws/install/turtlebot3:/home/kaveesh/turtlebot3_ws/install/turtlebot3_simulations:/home/kaveesh/turtlebot3_ws/install/turtlebot3_bringup:/home/kaveesh/turtlebot3_ws/install/turtlebot3_node:/home/kaveesh/turtlebot3_ws/install/turtlebot3_navigation2:/home/kaveesh/turtlebot3_ws/install/turtlebot3_fake_node:/home/kaveesh/turtlebot3_ws/install/turtlebot3_msgs:/home/kaveesh/turtlebot3_ws/install/turtlebot3_manipulation_gazebo:/home/kaveesh/turtlebot3_ws/install/turtlebot3_gazebo:/home/kaveesh/turtlebot3_ws/install/turtlebot3_description:/home/kaveesh/turtlebot3_ws/install/turtlebot3_cartographer:/home/kaveesh/turtlebot3_ws/install/dynamixel_sdk_examples:/home/kaveesh/turtlebot3_ws/install/turtlebot3_teleop:/home/kaveesh/turtlebot3_ws/install/turtlebot3_example:/opt/ros/humble LD_LIBRARY_PATH=/home/kaveesh/turtlebot3_ws/install/dynamixel_sdk_custom_interfaces/lib:/home/kaveesh/turtlebot3_ws/install/dynamixel_sdk/lib:/home/kaveesh/turtlebot3_ws/install/turtlebot3_msgs/lib:/usr/lib/x86_64-linux-gnu/gazebo-11/plugins:/opt/ros/humble/opt/rviz_ogre_vendor/lib:/opt/ros/humble/lib/x86_64-linux-gnu:/opt/ros/humble/lib:/usr/lib/x86_64-linux-gnu/gazebo-11/plugins:/usr/lib/x86_64-linux-gnu/gazebo-11/plugins:/usr/lib/x86_64-linux-gnu/gazebo-11/plugins /usr/bin/cmake /home/kaveesh/turtlebot3_ws/src/DynamixelSDK/ros/dynamixel_sdk_examples -DAMENT_CMAKE_SYMLINK_INSTALL=1 -DCMAKE_INSTALL_PREFIX=/home/kaveesh/turtlebot3_ws/install/dynamixel_sdk_examples
[0.738s] Invoking command in '/home/kaveesh/turtlebot3_ws/build/dynamixel_sdk_examples': CMAKE_PREFIX_PATH=/home/kaveesh/turtlebot3_ws/install/dynamixel_sdk_custom_interfaces:/home/kaveesh/turtlebot3_ws/install/dynamixel_sdk:/home/kaveesh/turtlebot3_ws/install/turtlebot3:/home/kaveesh/turtlebot3_ws/install/turtlebot3_simulations:/home/kaveesh/turtlebot3_ws/install/turtlebot3_bringup:/home/kaveesh/turtlebot3_ws/install/turtlebot3_node:/home/kaveesh/turtlebot3_ws/install/turtlebot3_navigation2:/home/kaveesh/turtlebot3_ws/install/turtlebot3_fake_node:/home/kaveesh/turtlebot3_ws/install/turtlebot3_msgs:/home/kaveesh/turtlebot3_ws/install/turtlebot3_manipulation_gazebo:/home/kaveesh/turtlebot3_ws/install/turtlebot3_gazebo:/home/kaveesh/turtlebot3_ws/install/turtlebot3_description:/home/kaveesh/turtlebot3_ws/install/turtlebot3_cartographer:/home/kaveesh/turtlebot3_ws/install/dynamixel_sdk_examples:/home/kaveesh/turtlebot3_ws/install/turtlebot3_teleop:/home/kaveesh/turtlebot3_ws/install/turtlebot3_example:/opt/ros/humble LD_LIBRARY_PATH=/home/kaveesh/turtlebot3_ws/install/dynamixel_sdk_custom_interfaces/lib:/home/kaveesh/turtlebot3_ws/install/dynamixel_sdk/lib:/home/kaveesh/turtlebot3_ws/install/turtlebot3_msgs/lib:/usr/lib/x86_64-linux-gnu/gazebo-11/plugins:/opt/ros/humble/opt/rviz_ogre_vendor/lib:/opt/ros/humble/lib/x86_64-linux-gnu:/opt/ros/humble/lib:/usr/lib/x86_64-linux-gnu/gazebo-11/plugins:/usr/lib/x86_64-linux-gnu/gazebo-11/plugins:/usr/lib/x86_64-linux-gnu/gazebo-11/plugins /usr/bin/cmake --build /home/kaveesh/turtlebot3_ws/build/dynamixel_sdk_examples -- -j24 -l24
[0.765s] [ 50%] [32mBuilding CXX object CMakeFiles/read_write_node.dir/src/read_write_node.cpp.o[0m
[6.734s] [100%] [32m[1mLinking CXX executable read_write_node[0m
[7.017s] [100%] Built target read_write_node
[7.027s] Invoked command in '/home/kaveesh/turtlebot3_ws/build/dynamixel_sdk_examples' returned '0': CMAKE_PREFIX_PATH=/home/kaveesh/turtlebot3_ws/install/dynamixel_sdk_custom_interfaces:/home/kaveesh/turtlebot3_ws/install/dynamixel_sdk:/home/kaveesh/turtlebot3_ws/install/turtlebot3:/home/kaveesh/turtlebot3_ws/install/turtlebot3_simulations:/home/kaveesh/turtlebot3_ws/install/turtlebot3_bringup:/home/kaveesh/turtlebot3_ws/install/turtlebot3_node:/home/kaveesh/turtlebot3_ws/install/turtlebot3_navigation2:/home/kaveesh/turtlebot3_ws/install/turtlebot3_fake_node:/home/kaveesh/turtlebot3_ws/install/turtlebot3_msgs:/home/kaveesh/turtlebot3_ws/install/turtlebot3_manipulation_gazebo:/home/kaveesh/turtlebot3_ws/install/turtlebot3_gazebo:/home/kaveesh/turtlebot3_ws/install/turtlebot3_description:/home/kaveesh/turtlebot3_ws/install/turtlebot3_cartographer:/home/kaveesh/turtlebot3_ws/install/dynamixel_sdk_examples:/home/kaveesh/turtlebot3_ws/install/turtlebot3_teleop:/home/kaveesh/turtlebot3_ws/install/turtlebot3_example:/opt/ros/humble LD_LIBRARY_PATH=/home/kaveesh/turtlebot3_ws/install/dynamixel_sdk_custom_interfaces/lib:/home/kaveesh/turtlebot3_ws/install/dynamixel_sdk/lib:/home/kaveesh/turtlebot3_ws/install/turtlebot3_msgs/lib:/usr/lib/x86_64-linux-gnu/gazebo-11/plugins:/opt/ros/humble/opt/rviz_ogre_vendor/lib:/opt/ros/humble/lib/x86_64-linux-gnu:/opt/ros/humble/lib:/usr/lib/x86_64-linux-gnu/gazebo-11/plugins:/usr/lib/x86_64-linux-gnu/gazebo-11/plugins:/usr/lib/x86_64-linux-gnu/gazebo-11/plugins /usr/bin/cmake --build /home/kaveesh/turtlebot3_ws/build/dynamixel_sdk_examples -- -j24 -l24
[7.029s] Invoking command in '/home/kaveesh/turtlebot3_ws/build/dynamixel_sdk_examples': CMAKE_PREFIX_PATH=/home/kaveesh/turtlebot3_ws/install/dynamixel_sdk_custom_interfaces:/home/kaveesh/turtlebot3_ws/install/dynamixel_sdk:/home/kaveesh/turtlebot3_ws/install/turtlebot3:/home/kaveesh/turtlebot3_ws/install/turtlebot3_simulations:/home/kaveesh/turtlebot3_ws/install/turtlebot3_bringup:/home/kaveesh/turtlebot3_ws/install/turtlebot3_node:/home/kaveesh/turtlebot3_ws/install/turtlebot3_navigation2:/home/kaveesh/turtlebot3_ws/install/turtlebot3_fake_node:/home/kaveesh/turtlebot3_ws/install/turtlebot3_msgs:/home/kaveesh/turtlebot3_ws/install/turtlebot3_manipulation_gazebo:/home/kaveesh/turtlebot3_ws/install/turtlebot3_gazebo:/home/kaveesh/turtlebot3_ws/install/turtlebot3_description:/home/kaveesh/turtlebot3_ws/install/turtlebot3_cartographer:/home/kaveesh/turtlebot3_ws/install/dynamixel_sdk_examples:/home/kaveesh/turtlebot3_ws/install/turtlebot3_teleop:/home/kaveesh/turtlebot3_ws/install/turtlebot3_example:/opt/ros/humble LD_LIBRARY_PATH=/home/kaveesh/turtlebot3_ws/install/dynamixel_sdk_custom_interfaces/lib:/home/kaveesh/turtlebot3_ws/install/dynamixel_sdk/lib:/home/kaveesh/turtlebot3_ws/install/turtlebot3_msgs/lib:/usr/lib/x86_64-linux-gnu/gazebo-11/plugins:/opt/ros/humble/opt/rviz_ogre_vendor/lib:/opt/ros/humble/lib/x86_64-linux-gnu:/opt/ros/humble/lib:/usr/lib/x86_64-linux-gnu/gazebo-11/plugins:/usr/lib/x86_64-linux-gnu/gazebo-11/plugins:/usr/lib/x86_64-linux-gnu/gazebo-11/plugins /usr/bin/cmake --install /home/kaveesh/turtlebot3_ws/build/dynamixel_sdk_examples
[7.034s] -- Install configuration: ""
[7.034s] -- Execute custom install script
[7.034s] -- Symlinking: /home/kaveesh/turtlebot3_ws/install/dynamixel_sdk_examples/lib/dynamixel_sdk_examples/read_write_node
[7.040s] -- Symlinking: /home/kaveesh/turtlebot3_ws/install/dynamixel_sdk_examples/lib/dynamixel_sdk_examples/read_write_node.py
[7.045s] -- Symlinking: /home/kaveesh/turtlebot3_ws/install/dynamixel_sdk_examples/share/ament_index/resource_index/package_run_dependencies/dynamixel_sdk_examples
[7.050s] -- Symlinking: /home/kaveesh/turtlebot3_ws/install/dynamixel_sdk_examples/share/ament_index/resource_index/parent_prefix_path/dynamixel_sdk_examples
[7.055s] -- Symlinking: /home/kaveesh/turtlebot3_ws/install/dynamixel_sdk_examples/share/dynamixel_sdk_examples/environment/ament_prefix_path.sh
[7.060s] -- Symlinking: /home/kaveesh/turtlebot3_ws/install/dynamixel_sdk_examples/share/dynamixel_sdk_examples/environment/ament_prefix_path.dsv
[7.065s] -- Symlinking: /home/kaveesh/turtlebot3_ws/install/dynamixel_sdk_examples/share/dynamixel_sdk_examples/environment/path.sh
[7.071s] -- Symlinking: /home/kaveesh/turtlebot3_ws/install/dynamixel_sdk_examples/share/dynamixel_sdk_examples/environment/path.dsv
[7.077s] -- Symlinking: /home/kaveesh/turtlebot3_ws/install/dynamixel_sdk_examples/share/dynamixel_sdk_examples/local_setup.bash
[7.082s] -- Symlinking: /home/kaveesh/turtlebot3_ws/install/dynamixel_sdk_examples/share/dynamixel_sdk_examples/local_setup.sh
[7.087s] -- Symlinking: /home/kaveesh/turtlebot3_ws/install/dynamixel_sdk_examples/share/dynamixel_sdk_examples/local_setup.zsh
[7.092s] -- Symlinking: /home/kaveesh/turtlebot3_ws/install/dynamixel_sdk_examples/share/dynamixel_sdk_examples/local_setup.dsv
[7.097s] -- Symlinking: /home/kaveesh/turtlebot3_ws/install/dynamixel_sdk_examples/share/dynamixel_sdk_examples/package.dsv
[7.102s] -- Symlinking: /home/kaveesh/turtlebot3_ws/install/dynamixel_sdk_examples/share/ament_index/resource_index/packages/dynamixel_sdk_examples
[7.107s] -- Symlinking: /home/kaveesh/turtlebot3_ws/install/dynamixel_sdk_examples/share/dynamixel_sdk_examples/cmake/dynamixel_sdk_examplesConfig.cmake
[7.112s] -- Symlinking: /home/kaveesh/turtlebot3_ws/install/dynamixel_sdk_examples/share/dynamixel_sdk_examples/cmake/dynamixel_sdk_examplesConfig-version.cmake
[7.117s] -- Symlinking: /home/kaveesh/turtlebot3_ws/install/dynamixel_sdk_examples/share/dynamixel_sdk_examples/package.xml
[7.124s] Invoked command in '/home/kaveesh/turtlebot3_ws/build/dynamixel_sdk_examples' returned '0': CMAKE_PREFIX_PATH=/home/kaveesh/turtlebot3_ws/install/dynamixel_sdk_custom_interfaces:/home/kaveesh/turtlebot3_ws/install/dynamixel_sdk:/home/kaveesh/turtlebot3_ws/install/turtlebot3:/home/kaveesh/turtlebot3_ws/install/turtlebot3_simulations:/home/kaveesh/turtlebot3_ws/install/turtlebot3_bringup:/home/kaveesh/turtlebot3_ws/install/turtlebot3_node:/home/kaveesh/turtlebot3_ws/install/turtlebot3_navigation2:/home/kaveesh/turtlebot3_ws/install/turtlebot3_fake_node:/home/kaveesh/turtlebot3_ws/install/turtlebot3_msgs:/home/kaveesh/turtlebot3_ws/install/turtlebot3_manipulation_gazebo:/home/kaveesh/turtlebot3_ws/install/turtlebot3_gazebo:/home/kaveesh/turtlebot3_ws/install/turtlebot3_description:/home/kaveesh/turtlebot3_ws/install/turtlebot3_cartographer:/home/kaveesh/turtlebot3_ws/install/dynamixel_sdk_examples:/home/kaveesh/turtlebot3_ws/install/turtlebot3_teleop:/home/kaveesh/turtlebot3_ws/install/turtlebot3_example:/opt/ros/humble LD_LIBRARY_PATH=/home/kaveesh/turtlebot3_ws/install/dynamixel_sdk_custom_interfaces/lib:/home/kaveesh/turtlebot3_ws/install/dynamixel_sdk/lib:/home/kaveesh/turtlebot3_ws/install/turtlebot3_msgs/lib:/usr/lib/x86_64-linux-gnu/gazebo-11/plugins:/opt/ros/humble/opt/rviz_ogre_vendor/lib:/opt/ros/humble/lib/x86_64-linux-gnu:/opt/ros/humble/lib:/usr/lib/x86_64-linux-gnu/gazebo-11/plugins:/usr/lib/x86_64-linux-gnu/gazebo-11/plugins:/usr/lib/x86_64-linux-gnu/gazebo-11/plugins /usr/bin/cmake --install /home/kaveesh/turtlebot3_ws/build/dynamixel_sdk_examples
