[0.444s] Invoking command in '/home/kaveesh/turtlebot3_ws/build/turtlebot3_teleop': PYTHONPATH=/home/kaveesh/turtlebot3_ws/build/turtlebot3_teleop/prefix_override:/usr/lib/python3/dist-packages/colcon_core/task/python/colcon_distutils_commands:/home/kaveesh/turtlebot3_ws/install/turtlebot3_teleop/lib/python3.10/site-packages:${PYTHONPATH} /usr/bin/python3 -W ignore:setup.py install is deprecated -W ignore:easy_install command is deprecated setup.py develop --editable --build-directory /home/kaveesh/turtlebot3_ws/build/turtlebot3_teleop/build --no-deps symlink_data
[0.650s] running develop
[0.783s] running egg_info
[0.783s] creating turtlebot3_teleop.egg-info
[0.783s] writing turtlebot3_teleop.egg-info/PKG-INFO
[0.783s] writing dependency_links to turtlebot3_teleop.egg-info/dependency_links.txt
[0.783s] writing entry points to turtlebot3_teleop.egg-info/entry_points.txt
[0.783s] writing requirements to turtlebot3_teleop.egg-info/requires.txt
[0.784s] writing top-level names to turtlebot3_teleop.egg-info/top_level.txt
[0.784s] writing manifest file 'turtlebot3_teleop.egg-info/SOURCES.txt'
[0.785s] reading manifest file 'turtlebot3_teleop.egg-info/SOURCES.txt'
[0.786s] writing manifest file 'turtlebot3_teleop.egg-info/SOURCES.txt'
[0.786s] running build_ext
[0.787s] Creating /home/kaveesh/turtlebot3_ws/install/turtlebot3_teleop/lib/python3.10/site-packages/turtlebot3-teleop.egg-link (link to .)
[0.787s] Installing teleop_keyboard script to /home/kaveesh/turtlebot3_ws/install/turtlebot3_teleop/lib/turtlebot3_teleop
[0.788s] 
[0.788s] Installed /home/kaveesh/turtlebot3_ws/build/turtlebot3_teleop
[0.788s] running symlink_data
[0.788s] creating /home/kaveesh/turtlebot3_ws/install/turtlebot3_teleop/share/ament_index
[0.788s] creating /home/kaveesh/turtlebot3_ws/install/turtlebot3_teleop/share/ament_index/resource_index
[0.789s] creating /home/kaveesh/turtlebot3_ws/install/turtlebot3_teleop/share/ament_index/resource_index/packages
[0.789s] symbolically linking /home/kaveesh/turtlebot3_ws/build/turtlebot3_teleop/resource/turtlebot3_teleop -> /home/kaveesh/turtlebot3_ws/install/turtlebot3_teleop/share/ament_index/resource_index/packages
[0.789s] symbolically linking /home/kaveesh/turtlebot3_ws/build/turtlebot3_teleop/package.xml -> /home/kaveesh/turtlebot3_ws/install/turtlebot3_teleop/share/turtlebot3_teleop
[0.828s] Invoked command in '/home/kaveesh/turtlebot3_ws/build/turtlebot3_teleop' returned '0': PYTHONPATH=/home/kaveesh/turtlebot3_ws/build/turtlebot3_teleop/prefix_override:/usr/lib/python3/dist-packages/colcon_core/task/python/colcon_distutils_commands:/home/kaveesh/turtlebot3_ws/install/turtlebot3_teleop/lib/python3.10/site-packages:${PYTHONPATH} /usr/bin/python3 -W ignore:setup.py install is deprecated -W ignore:easy_install command is deprecated setup.py develop --editable --build-directory /home/kaveesh/turtlebot3_ws/build/turtlebot3_teleop/build --no-deps symlink_data
