[0.029s] Invoking command in '/home/kaveesh/turtlebot3_ws/build/dynamixel_sdk': CMAKE_PREFIX_PATH=${CMAKE_PREFIX_PATH}:/home/kaveesh/turtlebot3_ws/install/turtlebot3_teleop:/home/kaveesh/turtlebot3_ws/install/turtlebot3_example:/home/kaveesh/turtlebot3_ws/install/my_turtlebot3_control:/opt/ros/humble /usr/bin/cmake --build /home/kaveesh/turtlebot3_ws/build/dynamixel_sdk -- -j24 -l24
[0.254s] [  0%] Built target ament_cmake_python_symlink_dynamixel_sdk
[0.254s] [100%] Built target dynamixel_sdk
[0.270s] running egg_info
[0.270s] writing dynamixel_sdk.egg-info/PKG-INFO
[0.270s] writing dependency_links to dynamixel_sdk.egg-info/dependency_links.txt
[0.271s] writing top-level names to dynamixel_sdk.egg-info/top_level.txt
[0.272s] reading manifest file 'dynamixel_sdk.egg-info/SOURCES.txt'
[0.273s] writing manifest file 'dynamixel_sdk.egg-info/SOURCES.txt'
[0.291s] [100%] Built target ament_cmake_python_build_dynamixel_sdk_egg
[0.451s] Invoked command in '/home/kaveesh/turtlebot3_ws/build/dynamixel_sdk' returned '0': CMAKE_PREFIX_PATH=${CMAKE_PREFIX_PATH}:/home/kaveesh/turtlebot3_ws/install/turtlebot3_teleop:/home/kaveesh/turtlebot3_ws/install/turtlebot3_example:/home/kaveesh/turtlebot3_ws/install/my_turtlebot3_control:/opt/ros/humble /usr/bin/cmake --build /home/kaveesh/turtlebot3_ws/build/dynamixel_sdk -- -j24 -l24
[0.454s] Invoking command in '/home/kaveesh/turtlebot3_ws/build/dynamixel_sdk': CMAKE_PREFIX_PATH=${CMAKE_PREFIX_PATH}:/home/kaveesh/turtlebot3_ws/install/turtlebot3_teleop:/home/kaveesh/turtlebot3_ws/install/turtlebot3_example:/home/kaveesh/turtlebot3_ws/install/my_turtlebot3_control:/opt/ros/humble /usr/bin/cmake --install /home/kaveesh/turtlebot3_ws/build/dynamixel_sdk
[0.472s] -- Install configuration: ""
[0.472s] -- Execute custom install script
[0.472s] -- Up-to-date symlink: /home/kaveesh/turtlebot3_ws/install/dynamixel_sdk/include//dynamixel_sdk/dynamixel_sdk.h
[0.472s] -- Up-to-date symlink: /home/kaveesh/turtlebot3_ws/install/dynamixel_sdk/include//dynamixel_sdk/group_bulk_read.h
[0.472s] -- Up-to-date symlink: /home/kaveesh/turtlebot3_ws/install/dynamixel_sdk/include//dynamixel_sdk/group_bulk_write.h
[0.472s] -- Up-to-date symlink: /home/kaveesh/turtlebot3_ws/install/dynamixel_sdk/include//dynamixel_sdk/group_fast_bulk_read.h
[0.472s] -- Up-to-date symlink: /home/kaveesh/turtlebot3_ws/install/dynamixel_sdk/include//dynamixel_sdk/group_fast_sync_read.h
[0.472s] -- Up-to-date symlink: /home/kaveesh/turtlebot3_ws/install/dynamixel_sdk/include//dynamixel_sdk/group_handler.h
[0.472s] -- Up-to-date symlink: /home/kaveesh/turtlebot3_ws/install/dynamixel_sdk/include//dynamixel_sdk/group_sync_read.h
[0.472s] -- Up-to-date symlink: /home/kaveesh/turtlebot3_ws/install/dynamixel_sdk/include//dynamixel_sdk/group_sync_write.h
[0.472s] -- Up-to-date symlink: /home/kaveesh/turtlebot3_ws/install/dynamixel_sdk/include//dynamixel_sdk/packet_handler.h
[0.472s] -- Up-to-date symlink: /home/kaveesh/turtlebot3_ws/install/dynamixel_sdk/include//dynamixel_sdk/port_handler.h
[0.472s] -- Up-to-date symlink: /home/kaveesh/turtlebot3_ws/install/dynamixel_sdk/include//dynamixel_sdk/port_handler_arduino.h
[0.472s] -- Up-to-date symlink: /home/kaveesh/turtlebot3_ws/install/dynamixel_sdk/include//dynamixel_sdk/port_handler_linux.h
[0.472s] -- Up-to-date symlink: /home/kaveesh/turtlebot3_ws/install/dynamixel_sdk/include//dynamixel_sdk/port_handler_mac.h
[0.472s] -- Up-to-date symlink: /home/kaveesh/turtlebot3_ws/install/dynamixel_sdk/include//dynamixel_sdk/port_handler_windows.h
[0.472s] -- Up-to-date symlink: /home/kaveesh/turtlebot3_ws/install/dynamixel_sdk/include//dynamixel_sdk/protocol1_packet_handler.h
[0.472s] -- Up-to-date symlink: /home/kaveesh/turtlebot3_ws/install/dynamixel_sdk/include//dynamixel_sdk/protocol2_packet_handler.h
[0.472s] -- Up-to-date symlink: /home/kaveesh/turtlebot3_ws/install/dynamixel_sdk/share/dynamixel_sdk/environment/pythonpath.sh
[0.472s] -- Up-to-date symlink: /home/kaveesh/turtlebot3_ws/install/dynamixel_sdk/share/dynamixel_sdk/environment/pythonpath.dsv
[0.472s] -- Up-to-date symlink: /home/kaveesh/turtlebot3_ws/install/dynamixel_sdk/local/lib/python3.10/dist-packages/dynamixel_sdk-3.8.4-py3.10.egg-info/PKG-INFO
[0.473s] -- Up-to-date symlink: /home/kaveesh/turtlebot3_ws/install/dynamixel_sdk/local/lib/python3.10/dist-packages/dynamixel_sdk-3.8.4-py3.10.egg-info/SOURCES.txt
[0.473s] -- Up-to-date symlink: /home/kaveesh/turtlebot3_ws/install/dynamixel_sdk/local/lib/python3.10/dist-packages/dynamixel_sdk-3.8.4-py3.10.egg-info/dependency_links.txt
[0.473s] -- Up-to-date symlink: /home/kaveesh/turtlebot3_ws/install/dynamixel_sdk/local/lib/python3.10/dist-packages/dynamixel_sdk-3.8.4-py3.10.egg-info/top_level.txt
[0.473s] -- Up-to-date symlink: /home/kaveesh/turtlebot3_ws/install/dynamixel_sdk/local/lib/python3.10/dist-packages/dynamixel_sdk/__init__.py
[0.473s] -- Up-to-date symlink: /home/kaveesh/turtlebot3_ws/install/dynamixel_sdk/local/lib/python3.10/dist-packages/dynamixel_sdk/group_bulk_read.cpp
[0.473s] -- Up-to-date symlink: /home/kaveesh/turtlebot3_ws/install/dynamixel_sdk/local/lib/python3.10/dist-packages/dynamixel_sdk/group_bulk_read.py
[0.474s] -- Up-to-date symlink: /home/kaveesh/turtlebot3_ws/install/dynamixel_sdk/local/lib/python3.10/dist-packages/dynamixel_sdk/group_bulk_write.cpp
[0.474s] -- Up-to-date symlink: /home/kaveesh/turtlebot3_ws/install/dynamixel_sdk/local/lib/python3.10/dist-packages/dynamixel_sdk/group_bulk_write.py
[0.475s] -- Up-to-date symlink: /home/kaveesh/turtlebot3_ws/install/dynamixel_sdk/local/lib/python3.10/dist-packages/dynamixel_sdk/group_fast_bulk_read.cpp
[0.476s] -- Up-to-date symlink: /home/kaveesh/turtlebot3_ws/install/dynamixel_sdk/local/lib/python3.10/dist-packages/dynamixel_sdk/group_fast_sync_read.cpp
[0.477s] -- Up-to-date symlink: /home/kaveesh/turtlebot3_ws/install/dynamixel_sdk/local/lib/python3.10/dist-packages/dynamixel_sdk/group_handler.cpp
[0.477s] -- Up-to-date symlink: /home/kaveesh/turtlebot3_ws/install/dynamixel_sdk/local/lib/python3.10/dist-packages/dynamixel_sdk/group_sync_read.cpp
[0.477s] -- Up-to-date symlink: /home/kaveesh/turtlebot3_ws/install/dynamixel_sdk/local/lib/python3.10/dist-packages/dynamixel_sdk/group_sync_read.py
[0.481s] -- Up-to-date symlink: /home/kaveesh/turtlebot3_ws/install/dynamixel_sdk/local/lib/python3.10/dist-packages/dynamixel_sdk/group_sync_write.cpp
[0.481s] -- Up-to-date symlink: /home/kaveesh/turtlebot3_ws/install/dynamixel_sdk/local/lib/python3.10/dist-packages/dynamixel_sdk/group_sync_write.py
[0.481s] -- Up-to-date symlink: /home/kaveesh/turtlebot3_ws/install/dynamixel_sdk/local/lib/python3.10/dist-packages/dynamixel_sdk/packet_handler.cpp
[0.484s] -- Up-to-date symlink: /home/kaveesh/turtlebot3_ws/install/dynamixel_sdk/local/lib/python3.10/dist-packages/dynamixel_sdk/packet_handler.py
[0.484s] -- Up-to-date symlink: /home/kaveesh/turtlebot3_ws/install/dynamixel_sdk/local/lib/python3.10/dist-packages/dynamixel_sdk/port_handler.cpp
[0.485s] -- Up-to-date symlink: /home/kaveesh/turtlebot3_ws/install/dynamixel_sdk/local/lib/python3.10/dist-packages/dynamixel_sdk/port_handler.py
[0.488s] -- Up-to-date symlink: /home/kaveesh/turtlebot3_ws/install/dynamixel_sdk/local/lib/python3.10/dist-packages/dynamixel_sdk/port_handler_arduino.cpp
[0.489s] -- Up-to-date symlink: /home/kaveesh/turtlebot3_ws/install/dynamixel_sdk/local/lib/python3.10/dist-packages/dynamixel_sdk/port_handler_linux.cpp
[0.491s] -- Up-to-date symlink: /home/kaveesh/turtlebot3_ws/install/dynamixel_sdk/local/lib/python3.10/dist-packages/dynamixel_sdk/port_handler_mac.cpp
[0.491s] -- Up-to-date symlink: /home/kaveesh/turtlebot3_ws/install/dynamixel_sdk/local/lib/python3.10/dist-packages/dynamixel_sdk/port_handler_windows.cpp
[0.492s] -- Up-to-date symlink: /home/kaveesh/turtlebot3_ws/install/dynamixel_sdk/local/lib/python3.10/dist-packages/dynamixel_sdk/protocol1_packet_handler.cpp
[0.492s] -- Up-to-date symlink: /home/kaveesh/turtlebot3_ws/install/dynamixel_sdk/local/lib/python3.10/dist-packages/dynamixel_sdk/protocol1_packet_handler.py
[0.496s] -- Up-to-date symlink: /home/kaveesh/turtlebot3_ws/install/dynamixel_sdk/local/lib/python3.10/dist-packages/dynamixel_sdk/protocol2_packet_handler.cpp
[0.497s] -- Up-to-date symlink: /home/kaveesh/turtlebot3_ws/install/dynamixel_sdk/local/lib/python3.10/dist-packages/dynamixel_sdk/protocol2_packet_handler.py
[0.497s] -- Up-to-date symlink: /home/kaveesh/turtlebot3_ws/install/dynamixel_sdk/local/lib/python3.10/dist-packages/dynamixel_sdk/robotis_def.py
[0.498s] -- Up-to-date symlink: /home/kaveesh/turtlebot3_ws/install/dynamixel_sdk/share/dynamixel_sdk/environment/library_path.sh
[0.499s] -- Up-to-date symlink: /home/kaveesh/turtlebot3_ws/install/dynamixel_sdk/share/dynamixel_sdk/environment/library_path.dsv
[0.500s] -- Up-to-date symlink: /home/kaveesh/turtlebot3_ws/install/dynamixel_sdk/share/ament_index/resource_index/package_run_dependencies/dynamixel_sdk
[0.501s] -- Up-to-date symlink: /home/kaveesh/turtlebot3_ws/install/dynamixel_sdk/share/ament_index/resource_index/parent_prefix_path/dynamixel_sdk
[0.502s] -- Up-to-date symlink: /home/kaveesh/turtlebot3_ws/install/dynamixel_sdk/share/dynamixel_sdk/environment/ament_prefix_path.sh
[0.502s] -- Up-to-date symlink: /home/kaveesh/turtlebot3_ws/install/dynamixel_sdk/share/dynamixel_sdk/environment/ament_prefix_path.dsv
[0.504s] -- Up-to-date symlink: /home/kaveesh/turtlebot3_ws/install/dynamixel_sdk/share/dynamixel_sdk/environment/path.sh
[0.505s] -- Up-to-date symlink: /home/kaveesh/turtlebot3_ws/install/dynamixel_sdk/share/dynamixel_sdk/environment/path.dsv
[0.505s] -- Up-to-date symlink: /home/kaveesh/turtlebot3_ws/install/dynamixel_sdk/share/dynamixel_sdk/local_setup.bash
[0.507s] -- Up-to-date symlink: /home/kaveesh/turtlebot3_ws/install/dynamixel_sdk/share/dynamixel_sdk/local_setup.sh
[0.507s] -- Up-to-date symlink: /home/kaveesh/turtlebot3_ws/install/dynamixel_sdk/share/dynamixel_sdk/local_setup.zsh
[0.507s] -- Up-to-date symlink: /home/kaveesh/turtlebot3_ws/install/dynamixel_sdk/share/dynamixel_sdk/local_setup.dsv
[0.508s] -- Symlinking: /home/kaveesh/turtlebot3_ws/install/dynamixel_sdk/share/dynamixel_sdk/package.dsv
[0.513s] -- Up-to-date symlink: /home/kaveesh/turtlebot3_ws/install/dynamixel_sdk/share/ament_index/resource_index/packages/dynamixel_sdk
[0.514s] -- Up-to-date symlink: /home/kaveesh/turtlebot3_ws/install/dynamixel_sdk/share/dynamixel_sdk/cmake/ament_cmake_export_targets-extras.cmake
[0.514s] -- Up-to-date symlink: /home/kaveesh/turtlebot3_ws/install/dynamixel_sdk/share/dynamixel_sdk/cmake/ament_cmake_export_include_directories-extras.cmake
[0.514s] -- Up-to-date symlink: /home/kaveesh/turtlebot3_ws/install/dynamixel_sdk/share/dynamixel_sdk/cmake/ament_cmake_export_libraries-extras.cmake
[0.514s] -- Up-to-date symlink: /home/kaveesh/turtlebot3_ws/install/dynamixel_sdk/share/dynamixel_sdk/cmake/dynamixel_sdkConfig.cmake
[0.514s] -- Up-to-date symlink: /home/kaveesh/turtlebot3_ws/install/dynamixel_sdk/share/dynamixel_sdk/cmake/dynamixel_sdkConfig-version.cmake
[0.514s] -- Up-to-date symlink: /home/kaveesh/turtlebot3_ws/install/dynamixel_sdk/share/dynamixel_sdk/package.xml
[0.514s] -- Up-to-date: /home/kaveesh/turtlebot3_ws/install/dynamixel_sdk/lib/libdynamixel_sdk.so
[0.522s] Listing '/home/kaveesh/turtlebot3_ws/install/dynamixel_sdk/local/lib/python3.10/dist-packages/dynamixel_sdk'...
[0.522s] -- Up-to-date: /home/kaveesh/turtlebot3_ws/install/dynamixel_sdk/share/dynamixel_sdk/cmake/dynamixel_sdkExport.cmake
[0.522s] -- Up-to-date: /home/kaveesh/turtlebot3_ws/install/dynamixel_sdk/share/dynamixel_sdk/cmake/dynamixel_sdkExport-noconfig.cmake
[0.556s] Invoked command in '/home/kaveesh/turtlebot3_ws/build/dynamixel_sdk' returned '0': CMAKE_PREFIX_PATH=${CMAKE_PREFIX_PATH}:/home/kaveesh/turtlebot3_ws/install/turtlebot3_teleop:/home/kaveesh/turtlebot3_ws/install/turtlebot3_example:/home/kaveesh/turtlebot3_ws/install/my_turtlebot3_control:/opt/ros/humble /usr/bin/cmake --install /home/kaveesh/turtlebot3_ws/build/dynamixel_sdk
